2024.06.30 13:54:55 INFO  Started: Metals version 1.3.2 in folders 'E:\2nd Year\Semester 1\FC\practicals\sessions 3\scala-Lab-session-3' for client Visual Studio Code 1.90.2.
SLF4J(W): Class path contains multiple SLF4J providers.
SLF4J(W): Found provider [scribe.slf4j.ScribeServiceProvider@5082678c]
SLF4J(W): Found provider [ch.qos.logback.classic.spi.LogbackServiceProvider@7a53f5cf]
SLF4J(W): See https://www.slf4j.org/codes.html#multiple_bindings for an explanation.
SLF4J(I): Actual provider is of type [scribe.slf4j.ScribeServiceProvider@5082678c]
2024.06.30 13:54:56 WARN  Flyway upgrade recommended: H2 2.2.224 is newer than this version of Flyway and support has not been tested. The latest supported version of H2 is 2.2.220.
2024.06.30 13:54:57 INFO  no build target found for E:\2nd Year\Semester 1\FC\practicals\sessions 3\scala-Lab-session-3\lab3.scala. Using presentation compiler with project's scala-library version: 3.3.3
2024.06.30 13:55:04 INFO  Running List(C:\Users\User\AppData\Local\Coursier\data\bin\scala-cli.BAT, setup-ide, E:\2nd Year\Semester 1\FC\practicals\sessions 3\scala-Lab-session-3)
2024.06.30 13:55:06 INFO  Attempting to connect to the build server...
2024.06.30 13:55:06 INFO  Running BSP server List(C:\Users\User\AppData\Local\Coursier\data\bin\.scala-cli.aux.exe, bsp, --json-options, E:\2nd Year\Semester 1\FC\practicals\sessions 3\scala-Lab-session-3\.scala-build\ide-options-v2.json, --json-launcher-options, E:\2nd Year\Semester 1\FC\practicals\sessions 3\scala-Lab-session-3\.scala-build\ide-launcher-options.json, --envs-file, E:\2nd Year\Semester 1\FC\practicals\sessions 3\scala-Lab-session-3\.scala-build\ide-envs.json, E:\2nd Year\Semester 1\FC\practicals\sessions 3\scala-Lab-session-3)
2024.06.30 13:55:06 INFO  tracing is disabled for protocol BSP, to enable tracing of incoming and outgoing JSON messages create an empty file at E:\2nd Year\Semester 1\FC\practicals\sessions 3\scala-Lab-session-3\.metals\bsp.trace.json or C:\Users\User\AppData\Local\scalameta\metals\cache\bsp.trace.json
2024.06.30 13:55:07 WARN  Could not find semantic tokens for: file:///E:/2nd%20Year/Semester%201/FC/practicals/sessions%203/scala-Lab-session-3/lab3.scala
2024.06.30 13:55:09 INFO  BSP server: Starting compilation server
2024.06.30 13:55:24 INFO  time: Connected to build server in 17s
2024.06.30 13:55:24 INFO  Connected to Build server: scala-cli v1.3.2
2024.06.30 13:55:27 INFO  compiling scala-lab-session-3_f4dd477a3a (1 scala source)
2024.06.30 13:55:31 INFO  time: Imported build in 7.37s
2024.06.30 13:55:41 INFO  time: indexed workspace in 10s
2024.06.30 13:56:04 WARN  Could not find semantic tokens for: file:///E:/2nd%20Year/Semester%201/FC/practicals/sessions%203/scala-Lab-session-3/lab3.scala
2024.06.30 13:56:05 WARN  Could not find semantic tokens for: file:///E:/2nd%20Year/Semester%201/FC/practicals/sessions%203/scala-Lab-session-3/lab3.scala
Jun 30, 2024 1:58:26 PM org.eclipse.lsp4j.jsonrpc.RemoteEndpoint handleCancellation
WARNING: Unmatched cancel notification for request id 38
Jun 30, 2024 1:58:26 PM org.eclipse.lsp4j.jsonrpc.RemoteEndpoint handleCancellation
WARNING: Unmatched cancel notification for request id 39
2024.06.30 14:02:35 INFO  compiling scala-lab-session-3_f4dd477a3a (1 scala source)
2024.06.30 14:02:39 INFO  time: compiled scala-Lab-session-3_f4dd477a3a in 4.21s
2024.06.30 14:05:35 INFO  compiling scala-lab-session-3_f4dd477a3a (1 scala source)
2024.06.30 14:05:37 WARN  Could not load snapshot text for E:\2nd Year\Semester 1\FC\practicals\sessions 3\scala-Lab-session-3\lab3.scala
2024.06.30 14:05:37 INFO  time: compiled scala-Lab-session-3_f4dd477a3a in 1.71s
2024.06.30 14:05:37 INFO  compiling scala-lab-session-3_f4dd477a3a (1 scala source)
2024.06.30 14:05:39 INFO  time: compiled scala-Lab-session-3_f4dd477a3a in 0.86s
2024.06.30 14:05:40 INFO  compiling scala-lab-session-3_f4dd477a3a (1 scala source)
2024.06.30 14:05:41 INFO  time: compiled scala-Lab-session-3_f4dd477a3a in 1.22s
2024.06.30 14:05:43 INFO  compiling scala-lab-session-3_f4dd477a3a (1 scala source)
2024.06.30 14:05:43 INFO  time: compiled scala-Lab-session-3_f4dd477a3a in 0.51s
2024.06.30 14:05:44 INFO  compiling scala-lab-session-3_f4dd477a3a (1 scala source)
2024.06.30 14:05:44 INFO  time: compiled scala-Lab-session-3_f4dd477a3a in 0.64s
2024.06.30 14:17:50 INFO  compiling scala-lab-session-3_f4dd477a3a (1 scala source)
2024.06.30 14:17:50 INFO  time: compiled scala-Lab-session-3_f4dd477a3a in 0.82s
2024.06.30 14:17:58 INFO  compiling scala-lab-session-3_f4dd477a3a (1 scala source)
2024.06.30 14:17:58 INFO  time: compiled scala-Lab-session-3_f4dd477a3a in 0.34s
2024.06.30 14:17:59 WARN  Could not load snapshot text for E:\2nd Year\Semester 1\FC\practicals\sessions 3\scala-Lab-session-3\lab3.scala
2024.06.30 14:17:59 WARN  Could not load snapshot text for E:\2nd Year\Semester 1\FC\practicals\sessions 3\scala-Lab-session-3\lab3.scala
2024.06.30 14:18:01 INFO  compiling scala-lab-session-3_f4dd477a3a (1 scala source)
2024.06.30 14:18:01 INFO  time: compiled scala-Lab-session-3_f4dd477a3a in 0.9s
2024.06.30 14:18:32 INFO  compiling scala-lab-session-3_f4dd477a3a (1 scala source)
2024.06.30 14:18:32 INFO  time: compiled scala-Lab-session-3_f4dd477a3a in 0.2s
2024.06.30 14:18:43 INFO  compiling scala-lab-session-3_f4dd477a3a (1 scala source)
2024.06.30 14:18:43 INFO  time: compiled scala-Lab-session-3_f4dd477a3a in 0.36s
2024.06.30 14:18:46 INFO  compiling scala-lab-session-3_f4dd477a3a (1 scala source)
2024.06.30 14:18:46 INFO  time: compiled scala-Lab-session-3_f4dd477a3a in 0.6s
2024.06.30 14:18:47 INFO  compiling scala-lab-session-3_f4dd477a3a (1 scala source)
2024.06.30 14:18:50 INFO  time: compiled scala-Lab-session-3_f4dd477a3a in 2.13s
Jun 30, 2024 2:19:10 PM org.eclipse.lsp4j.jsonrpc.services.GenericEndpoint notify
INFO: Unsupported notification method: $/setTrace
2024.06.30 14:19:52 INFO  compiling scala-lab-session-3_f4dd477a3a (1 scala source)
2024.06.30 14:19:53 INFO  time: compiled scala-Lab-session-3_f4dd477a3a in 1.15s
2024.06.30 14:23:26 INFO  compiling scala-lab-session-3_f4dd477a3a (1 scala source)
2024.06.30 14:23:28 INFO  time: compiled scala-Lab-session-3_f4dd477a3a in 1.91s
2024.06.30 14:46:56 WARN  Could not load snapshot text for E:\2nd Year\Semester 1\FC\practicals\sessions 3\scala-Lab-session-3\lab3.scala
2024.06.30 14:46:57 INFO  compiling scala-lab-session-3_f4dd477a3a (1 scala source)
2024.06.30 14:46:59 INFO  time: compiled scala-Lab-session-3_f4dd477a3a in 1.66s
Jun 30, 2024 2:47:16 PM org.eclipse.lsp4j.jsonrpc.RemoteEndpoint handleCancellation
WARNING: Unmatched cancel notification for request id 350
Jun 30, 2024 2:47:40 PM org.eclipse.lsp4j.jsonrpc.RemoteEndpoint handleCancellation
WARNING: Unmatched cancel notification for request id 373
Jun 30, 2024 2:47:47 PM org.eclipse.lsp4j.jsonrpc.RemoteEndpoint handleCancellation
WARNING: Unmatched cancel notification for request id 380
Jun 30, 2024 2:47:47 PM org.eclipse.lsp4j.jsonrpc.RemoteEndpoint handleCancellation
WARNING: Unmatched cancel notification for request id 389
Jun 30, 2024 2:47:47 PM org.eclipse.lsp4j.jsonrpc.RemoteEndpoint handleCancellation
WARNING: Unmatched cancel notification for request id 393
2024.06.30 14:47:49 INFO  compiling scala-lab-session-3_f4dd477a3a (1 scala source)
2024.06.30 14:47:49 INFO  time: compiled scala-Lab-session-3_f4dd477a3a in 0.56s
Jun 30, 2024 2:48:38 PM org.eclipse.lsp4j.jsonrpc.RemoteEndpoint handleCancellation
WARNING: Unmatched cancel notification for request id 410
Jun 30, 2024 2:48:41 PM org.eclipse.lsp4j.jsonrpc.RemoteEndpoint handleCancellation
WARNING: Unmatched cancel notification for request id 423
2024.06.30 14:48:45 INFO  compiling scala-lab-session-3_f4dd477a3a (1 scala source)
2024.06.30 14:48:45 INFO  time: compiled scala-Lab-session-3_f4dd477a3a in 0.74s
2024.06.30 15:07:09 INFO  compiling scala-lab-session-3_f4dd477a3a (1 scala source)
2024.06.30 15:07:09 INFO  time: compiled scala-Lab-session-3_f4dd477a3a in 0.66s
2024.06.30 15:07:10 WARN  Could not load snapshot text for E:\2nd Year\Semester 1\FC\practicals\sessions 3\scala-Lab-session-3\lab3.scala
2024.06.30 15:07:10 INFO  compiling scala-lab-session-3_f4dd477a3a (1 scala source)
2024.06.30 15:07:10 WARN  Could not load snapshot text for E:\2nd Year\Semester 1\FC\practicals\sessions 3\scala-Lab-session-3\lab3.scala
2024.06.30 15:07:10 INFO  time: compiled scala-Lab-session-3_f4dd477a3a in 0.83s
2024.06.30 15:07:12 INFO  compiling scala-lab-session-3_f4dd477a3a (1 scala source)
2024.06.30 15:07:12 INFO  time: compiled scala-Lab-session-3_f4dd477a3a in 0.56s
2024.06.30 15:07:19 INFO  compiling scala-lab-session-3_f4dd477a3a (1 scala source)
2024.06.30 15:07:19 INFO  time: compiled scala-Lab-session-3_f4dd477a3a in 0.47s
2024.06.30 15:07:21 INFO  compiling scala-lab-session-3_f4dd477a3a (1 scala source)
2024.06.30 15:07:22 INFO  time: compiled scala-Lab-session-3_f4dd477a3a in 1.05s
2024.06.30 15:07:24 INFO  compiling scala-lab-session-3_f4dd477a3a (1 scala source)
2024.06.30 15:07:24 INFO  time: compiled scala-Lab-session-3_f4dd477a3a in 0.6s
2024.06.30 15:07:27 INFO  compiling scala-lab-session-3_f4dd477a3a (1 scala source)
2024.06.30 15:07:27 INFO  time: compiled scala-Lab-session-3_f4dd477a3a in 0.5s
2024.06.30 15:07:32 INFO  compiling scala-lab-session-3_f4dd477a3a (1 scala source)
2024.06.30 15:07:32 INFO  time: compiled scala-Lab-session-3_f4dd477a3a in 0.57s
2024.06.30 15:07:34 INFO  compiling scala-lab-session-3_f4dd477a3a (1 scala source)
2024.06.30 15:07:34 INFO  time: compiled scala-Lab-session-3_f4dd477a3a in 0.31s
Jun 30, 2024 3:07:55 PM org.eclipse.lsp4j.jsonrpc.RemoteEndpoint handleCancellation
WARNING: Unmatched cancel notification for request id 622
2024.06.30 15:38:52 INFO  compiling scala-lab-session-3_f4dd477a3a (1 scala source)
2024.06.30 15:38:52 INFO  time: compiled scala-Lab-session-3_f4dd477a3a in 0.28s
2024.06.30 15:43:49 INFO  compiling scala-lab-session-3_f4dd477a3a (1 scala source)
2024.06.30 15:43:49 INFO  time: compiled scala-Lab-session-3_f4dd477a3a in 0.21s
2024.06.30 15:44:03 INFO  compiling scala-lab-session-3_f4dd477a3a (1 scala source)
2024.06.30 15:44:03 INFO  time: compiled scala-Lab-session-3_f4dd477a3a in 0.19s
2024.06.30 15:44:11 INFO  compiling scala-lab-session-3_f4dd477a3a (1 scala source)
2024.06.30 15:44:11 INFO  time: compiled scala-Lab-session-3_f4dd477a3a in 0.25s
2024.06.30 15:44:13 INFO  compiling scala-lab-session-3_f4dd477a3a (1 scala source)
2024.06.30 15:44:13 INFO  time: compiled scala-Lab-session-3_f4dd477a3a in 0.2s
2024.06.30 15:44:16 INFO  compiling scala-lab-session-3_f4dd477a3a (1 scala source)
2024.06.30 15:44:16 INFO  time: compiled scala-Lab-session-3_f4dd477a3a in 0.18s
2024.06.30 16:48:48 INFO  Shutting down server
2024.06.30 16:48:48 INFO  shutting down Metals
2024.06.30 16:48:48 INFO  Shut down connection with build server.
2024.06.30 16:48:48 INFO  Exiting server
2024.06.30 16:48:59 INFO  Started: Metals version 1.3.2 in folders 'E:\2nd Year\Semester 1\FC\practicals\sessions 3\scala-Lab-session-3' for client Visual Studio Code 1.90.2.
SLF4J(W): Class path contains multiple SLF4J providers.
SLF4J(W): Found provider [scribe.slf4j.ScribeServiceProvider@1491f46b]
SLF4J(W): Found provider [ch.qos.logback.classic.spi.LogbackServiceProvider@f7195bc]
SLF4J(W): See https://www.slf4j.org/codes.html#multiple_bindings for an explanation.
SLF4J(I): Actual provider is of type [scribe.slf4j.ScribeServiceProvider@1491f46b]
2024.06.30 16:48:59 WARN  Flyway upgrade recommended: H2 2.2.224 is newer than this version of Flyway and support has not been tested. The latest supported version of H2 is 2.2.220.
2024.06.30 16:49:01 INFO  Attempting to connect to the build server...
2024.06.30 16:49:01 INFO  Running BSP server List(C:\Users\User\AppData\Local\Coursier\data\bin\.scala-cli.aux.exe, bsp, --json-options, E:\2nd Year\Semester 1\FC\practicals\sessions 3\scala-Lab-session-3\.scala-build\ide-options-v2.json, --json-launcher-options, E:\2nd Year\Semester 1\FC\practicals\sessions 3\scala-Lab-session-3\.scala-build\ide-launcher-options.json, --envs-file, E:\2nd Year\Semester 1\FC\practicals\sessions 3\scala-Lab-session-3\.scala-build\ide-envs.json, E:\2nd Year\Semester 1\FC\practicals\sessions 3\scala-Lab-session-3)
2024.06.30 16:49:01 INFO  tracing is disabled for protocol BSP, to enable tracing of incoming and outgoing JSON messages create an empty file at E:\2nd Year\Semester 1\FC\practicals\sessions 3\scala-Lab-session-3\.metals\bsp.trace.json or C:\Users\User\AppData\Local\scalameta\metals\cache\bsp.trace.json
2024.06.30 16:49:01 INFO  no build target found for E:\2nd Year\Semester 1\FC\practicals\sessions 3\scala-Lab-session-3\lab3.scala. Using presentation compiler with project's scala-library version: 3.3.3
2024.06.30 16:49:04 INFO  time: Connected to build server in 2.99s
2024.06.30 16:49:04 INFO  Connected to Build server: scala-cli v1.3.2
2024.06.30 16:49:05 INFO  time: indexed workspace in 1.72s
2024.06.30 16:59:20 INFO  Shutting down server
2024.06.30 16:59:20 INFO  shutting down Metals
2024.06.30 16:59:20 INFO  Shut down connection with build server.
2024.06.30 16:59:20 INFO  Exiting server
2024.07.01 10:34:39 INFO  Started: Metals version 1.3.2 in folders 'E:\2nd Year\Semester 1\FC\practicals\sessions 3\scala-Lab-session-3' for client Visual Studio Code 1.90.2.
SLF4J(W): Class path contains multiple SLF4J providers.
SLF4J(W): Found provider [scribe.slf4j.ScribeServiceProvider@72ccb84d]
SLF4J(W): Found provider [ch.qos.logback.classic.spi.LogbackServiceProvider@cb9d8fb]
SLF4J(W): See https://www.slf4j.org/codes.html#multiple_bindings for an explanation.
SLF4J(I): Actual provider is of type [scribe.slf4j.ScribeServiceProvider@72ccb84d]
2024.07.01 10:34:39 WARN  Flyway upgrade recommended: H2 2.2.224 is newer than this version of Flyway and support has not been tested. The latest supported version of H2 is 2.2.220.
2024.07.01 10:34:41 INFO  no build target found for E:\2nd Year\Semester 1\FC\practicals\sessions 3\scala-Lab-session-3\lab3.scala. Using presentation compiler with project's scala-library version: 3.3.3
2024.07.01 10:34:43 INFO  Attempting to connect to the build server...
2024.07.01 10:34:43 INFO  Running BSP server List(C:\Users\User\AppData\Local\Coursier\data\bin\.scala-cli.aux.exe, bsp, --json-options, E:\2nd Year\Semester 1\FC\practicals\sessions 3\scala-Lab-session-3\.scala-build\ide-options-v2.json, --json-launcher-options, E:\2nd Year\Semester 1\FC\practicals\sessions 3\scala-Lab-session-3\.scala-build\ide-launcher-options.json, --envs-file, E:\2nd Year\Semester 1\FC\practicals\sessions 3\scala-Lab-session-3\.scala-build\ide-envs.json, E:\2nd Year\Semester 1\FC\practicals\sessions 3\scala-Lab-session-3)
2024.07.01 10:34:43 INFO  tracing is disabled for protocol BSP, to enable tracing of incoming and outgoing JSON messages create an empty file at E:\2nd Year\Semester 1\FC\practicals\sessions 3\scala-Lab-session-3\.metals\bsp.trace.json or C:\Users\User\AppData\Local\scalameta\metals\cache\bsp.trace.json
2024.07.01 10:34:46 INFO  BSP server: Starting compilation server
2024.07.01 10:34:52 INFO  time: Connected to build server in 9.55s
2024.07.01 10:34:52 INFO  Connected to Build server: scala-cli v1.3.2
2024.07.01 10:34:52 INFO  time: Imported build in 0.17s
2024.07.01 10:34:55 INFO  time: indexed workspace in 2.59s
2024.07.01 10:40:33 INFO  compiling scala-lab-session-3_f4dd477a3a (1 scala source)
Jul 01, 2024 10:40:34 AM org.eclipse.lsp4j.jsonrpc.RemoteEndpoint handleCancellation
WARNING: Unmatched cancel notification for request id 93
2024.07.01 10:40:38 INFO  time: compiled scala-Lab-session-3_f4dd477a3a in 5.04s
2024.07.01 10:40:41 INFO  compiling scala-lab-session-3_f4dd477a3a (1 scala source)
2024.07.01 10:40:41 INFO  time: compiled scala-Lab-session-3_f4dd477a3a in 0.84s
2024.07.01 10:40:46 INFO  compiling scala-lab-session-3_f4dd477a3a (1 scala source)
2024.07.01 10:40:47 INFO  time: compiled scala-Lab-session-3_f4dd477a3a in 1.27s
2024.07.01 10:40:47 INFO  compiling scala-lab-session-3_f4dd477a3a (1 scala source)
2024.07.01 10:40:49 INFO  time: compiled scala-Lab-session-3_f4dd477a3a in 0.92s
2024.07.01 10:40:49 INFO  compiling scala-lab-session-3_f4dd477a3a (1 scala source)
2024.07.01 10:40:51 INFO  time: compiled scala-Lab-session-3_f4dd477a3a in 1.98s
2024.07.01 10:40:51 INFO  compiling scala-lab-session-3_f4dd477a3a (1 scala source)
2024.07.01 10:40:53 WARN  Could not load snapshot text for E:\2nd Year\Semester 1\FC\practicals\sessions 3\scala-Lab-session-3\lab3.scala
2024.07.01 10:40:53 WARN  Could not load snapshot text for E:\2nd Year\Semester 1\FC\practicals\sessions 3\scala-Lab-session-3\lab3.scala
Jul 01, 2024 10:40:53 AM org.eclipse.lsp4j.jsonrpc.RemoteEndpoint handleCancellation
WARNING: Unmatched cancel notification for request id 172
2024.07.01 10:40:54 WARN  Could not load snapshot text for E:\2nd Year\Semester 1\FC\practicals\sessions 3\scala-Lab-session-3\lab3.scala
2024.07.01 10:40:54 WARN  Could not load snapshot text for E:\2nd Year\Semester 1\FC\practicals\sessions 3\scala-Lab-session-3\lab3.scala
2024.07.01 10:40:55 WARN  Could not load snapshot text for E:\2nd Year\Semester 1\FC\practicals\sessions 3\scala-Lab-session-3\lab3.scala
2024.07.01 10:40:55 INFO  time: compiled scala-Lab-session-3_f4dd477a3a in 2.69s
2024.07.01 10:40:55 INFO  compiling scala-lab-session-3_f4dd477a3a (1 scala source)
2024.07.01 10:40:55 INFO  time: compiled scala-Lab-session-3_f4dd477a3a in 0.51s
2024.07.01 10:41:00 INFO  compiling scala-lab-session-3_f4dd477a3a (1 scala source)
2024.07.01 10:41:01 INFO  time: compiled scala-Lab-session-3_f4dd477a3a in 1.87s
2024.07.01 10:41:04 INFO  compiling scala-lab-session-3_f4dd477a3a (1 scala source)
2024.07.01 10:41:05 INFO  time: compiled scala-Lab-session-3_f4dd477a3a in 1s
2024.07.01 10:43:50 INFO  compiling scala-lab-session-3_f4dd477a3a (1 scala source)
2024.07.01 10:43:50 INFO  time: compiled scala-Lab-session-3_f4dd477a3a in 0.33s
2024.07.01 10:43:53 INFO  compiling scala-lab-session-3_f4dd477a3a (1 scala source)
2024.07.01 10:43:53 INFO  time: compiled scala-Lab-session-3_f4dd477a3a in 0.54s
2024.07.01 12:05:00 INFO  Shutting down server
2024.07.01 12:05:00 INFO  shutting down Metals
2024.07.01 12:05:00 INFO  Shut down connection with build server.
2024.07.01 12:05:00 INFO  Exiting server
2024.07.01 16:25:29 INFO  Started: Metals version 1.3.2 in folders 'E:\2nd Year\Semester 1\FC\practicals\sessions 3\scala-Lab-session-3' for client Visual Studio Code 1.90.2.
SLF4J(W): Class path contains multiple SLF4J providers.
SLF4J(W): Found provider [scribe.slf4j.ScribeServiceProvider@1ba57958]
SLF4J(W): Found provider [ch.qos.logback.classic.spi.LogbackServiceProvider@5158e135]
SLF4J(W): See https://www.slf4j.org/codes.html#multiple_bindings for an explanation.
SLF4J(I): Actual provider is of type [scribe.slf4j.ScribeServiceProvider@1ba57958]
2024.07.01 16:25:29 WARN  Flyway upgrade recommended: H2 2.2.224 is newer than this version of Flyway and support has not been tested. The latest supported version of H2 is 2.2.220.
2024.07.01 16:25:30 INFO  no build target found for E:\2nd Year\Semester 1\FC\practicals\sessions 3\scala-Lab-session-3\lab3.scala. Using presentation compiler with project's scala-library version: 3.3.3
2024.07.01 16:25:30 INFO  Attempting to connect to the build server...
2024.07.01 16:25:30 INFO  Running BSP server List(C:\Users\User\AppData\Local\Coursier\data\bin\.scala-cli.aux.exe, bsp, --json-options, E:\2nd Year\Semester 1\FC\practicals\sessions 3\scala-Lab-session-3\.scala-build\ide-options-v2.json, --json-launcher-options, E:\2nd Year\Semester 1\FC\practicals\sessions 3\scala-Lab-session-3\.scala-build\ide-launcher-options.json, --envs-file, E:\2nd Year\Semester 1\FC\practicals\sessions 3\scala-Lab-session-3\.scala-build\ide-envs.json, E:\2nd Year\Semester 1\FC\practicals\sessions 3\scala-Lab-session-3)
2024.07.01 16:25:30 INFO  tracing is disabled for protocol BSP, to enable tracing of incoming and outgoing JSON messages create an empty file at E:\2nd Year\Semester 1\FC\practicals\sessions 3\scala-Lab-session-3\.metals\bsp.trace.json or C:\Users\User\AppData\Local\scalameta\metals\cache\bsp.trace.json
2024.07.01 16:25:32 INFO  BSP server: Starting compilation server
2024.07.01 16:25:37 INFO  time: Connected to build server in 7.21s
2024.07.01 16:25:37 INFO  Connected to Build server: scala-cli v1.3.2
2024.07.01 16:25:52 INFO  time: indexed workspace in 14s
Jul 01, 2024 4:34:44 PM org.eclipse.lsp4j.jsonrpc.services.GenericEndpoint notify
INFO: Unsupported notification method: $/setTrace
2024.07.01 16:37:59 INFO  compiling scala-lab-session-3_f4dd477a3a (1 scala source)
2024.07.01 16:38:02 INFO  time: compiled scala-Lab-session-3_f4dd477a3a in 2.98s
2024.07.01 16:38:02 INFO  compiling scala-lab-session-3_f4dd477a3a (1 scala source)
2024.07.01 16:38:02 WARN  Could not load snapshot text for E:\2nd Year\Semester 1\FC\practicals\sessions 3\scala-Lab-session-3\lab3.scala
2024.07.01 16:38:02 INFO  time: compiled scala-Lab-session-3_f4dd477a3a in 0.42s
2024.07.01 16:38:03 WARN  Could not load snapshot text for E:\2nd Year\Semester 1\FC\practicals\sessions 3\scala-Lab-session-3\lab3.scala
2024.07.01 16:38:03 WARN  Could not load snapshot text for E:\2nd Year\Semester 1\FC\practicals\sessions 3\scala-Lab-session-3\lab3.scala
2024.07.01 16:38:04 INFO  compiling scala-lab-session-3_f4dd477a3a (1 scala source)
2024.07.01 16:38:04 INFO  time: compiled scala-Lab-session-3_f4dd477a3a in 0.2s
2024.07.01 16:38:05 WARN  Could not load snapshot text for E:\2nd Year\Semester 1\FC\practicals\sessions 3\scala-Lab-session-3\lab3.scala
2024.07.01 16:38:11 WARN  Could not load snapshot text for E:\2nd Year\Semester 1\FC\practicals\sessions 3\scala-Lab-session-3\lab3.scala
2024.07.01 16:38:11 WARN  Could not load snapshot text for E:\2nd Year\Semester 1\FC\practicals\sessions 3\scala-Lab-session-3\lab3.scala
2024.07.01 16:38:11 WARN  Could not load snapshot text for E:\2nd Year\Semester 1\FC\practicals\sessions 3\scala-Lab-session-3\lab3.scala
2024.07.01 16:38:11 WARN  Could not load snapshot text for E:\2nd Year\Semester 1\FC\practicals\sessions 3\scala-Lab-session-3\lab3.scala
2024.07.01 16:38:16 WARN  Could not load snapshot text for E:\2nd Year\Semester 1\FC\practicals\sessions 3\scala-Lab-session-3\lab3.scala
2024.07.01 16:38:17 WARN  Could not load snapshot text for E:\2nd Year\Semester 1\FC\practicals\sessions 3\scala-Lab-session-3\lab3.scala
2024.07.01 16:38:18 INFO  compiling scala-lab-session-3_f4dd477a3a (1 scala source)
2024.07.01 16:38:18 INFO  time: compiled scala-Lab-session-3_f4dd477a3a in 0.17s
2024.07.01 16:38:18 WARN  Could not load snapshot text for E:\2nd Year\Semester 1\FC\practicals\sessions 3\scala-Lab-session-3\lab3.scala
2024.07.01 16:38:20 WARN  Could not load snapshot text for E:\2nd Year\Semester 1\FC\practicals\sessions 3\scala-Lab-session-3\lab3.scala
2024.07.01 16:38:21 WARN  Could not load snapshot text for E:\2nd Year\Semester 1\FC\practicals\sessions 3\scala-Lab-session-3\lab3.scala
2024.07.01 16:38:22 INFO  compiling scala-lab-session-3_f4dd477a3a (1 scala source)
2024.07.01 16:38:22 INFO  time: compiled scala-Lab-session-3_f4dd477a3a in 0.17s
2024.07.01 16:38:22 WARN  Could not load snapshot text for E:\2nd Year\Semester 1\FC\practicals\sessions 3\scala-Lab-session-3\lab3.scala
2024.07.01 16:38:23 WARN  Could not load snapshot text for E:\2nd Year\Semester 1\FC\practicals\sessions 3\scala-Lab-session-3\lab3.scala
2024.07.01 16:38:24 WARN  Could not load snapshot text for E:\2nd Year\Semester 1\FC\practicals\sessions 3\scala-Lab-session-3\lab3.scala
2024.07.01 16:38:25 INFO  compiling scala-lab-session-3_f4dd477a3a (1 scala source)
2024.07.01 16:38:25 INFO  time: compiled scala-Lab-session-3_f4dd477a3a in 0.56s
2024.07.01 16:38:26 WARN  Could not load snapshot text for E:\2nd Year\Semester 1\FC\practicals\sessions 3\scala-Lab-session-3\lab3.scala
2024.07.01 16:38:34 WARN  Could not load snapshot text for E:\2nd Year\Semester 1\FC\practicals\sessions 3\scala-Lab-session-3\lab3.scala
2024.07.01 16:38:35 INFO  compiling scala-lab-session-3_f4dd477a3a (1 scala source)
2024.07.01 16:38:35 INFO  time: compiled scala-Lab-session-3_f4dd477a3a in 0.16s
2024.07.01 16:38:35 WARN  Could not load snapshot text for E:\2nd Year\Semester 1\FC\practicals\sessions 3\scala-Lab-session-3\lab3.scala
2024.07.01 16:38:36 WARN  Could not load snapshot text for E:\2nd Year\Semester 1\FC\practicals\sessions 3\scala-Lab-session-3\lab3.scala
2024.07.01 16:38:37 INFO  compiling scala-lab-session-3_f4dd477a3a (1 scala source)
2024.07.01 16:38:37 INFO  time: compiled scala-Lab-session-3_f4dd477a3a in 0.33s
2024.07.01 16:38:38 WARN  Could not load snapshot text for E:\2nd Year\Semester 1\FC\practicals\sessions 3\scala-Lab-session-3\lab3.scala
2024.07.01 16:38:45 WARN  Could not load snapshot text for E:\2nd Year\Semester 1\FC\practicals\sessions 3\scala-Lab-session-3\lab3.scala
2024.07.01 16:38:46 INFO  compiling scala-lab-session-3_f4dd477a3a (1 scala source)
2024.07.01 16:38:46 INFO  time: compiled scala-Lab-session-3_f4dd477a3a in 0.11s
2024.07.01 16:38:47 WARN  Could not load snapshot text for E:\2nd Year\Semester 1\FC\practicals\sessions 3\scala-Lab-session-3\lab3.scala
2024.07.01 16:38:48 WARN  Could not load snapshot text for E:\2nd Year\Semester 1\FC\practicals\sessions 3\scala-Lab-session-3\lab3.scala
2024.07.01 16:38:49 INFO  compiling scala-lab-session-3_f4dd477a3a (1 scala source)
2024.07.01 16:38:49 INFO  time: compiled scala-Lab-session-3_f4dd477a3a in 0.12s
2024.07.01 16:38:49 WARN  Could not load snapshot text for E:\2nd Year\Semester 1\FC\practicals\sessions 3\scala-Lab-session-3\lab3.scala
2024.07.01 16:38:55 WARN  Could not load snapshot text for E:\2nd Year\Semester 1\FC\practicals\sessions 3\scala-Lab-session-3\lab3.scala
2024.07.01 16:38:55 WARN  Could not load snapshot text for E:\2nd Year\Semester 1\FC\practicals\sessions 3\scala-Lab-session-3\lab3.scala
2024.07.01 16:38:56 INFO  compiling scala-lab-session-3_f4dd477a3a (1 scala source)
2024.07.01 16:38:56 INFO  time: compiled scala-Lab-session-3_f4dd477a3a in 0.3s
2024.07.01 16:38:57 WARN  Could not load snapshot text for E:\2nd Year\Semester 1\FC\practicals\sessions 3\scala-Lab-session-3\lab3.scala
2024.07.01 16:38:57 WARN  Could not load snapshot text for E:\2nd Year\Semester 1\FC\practicals\sessions 3\scala-Lab-session-3\lab3.scala
2024.07.01 16:38:58 WARN  Could not load snapshot text for E:\2nd Year\Semester 1\FC\practicals\sessions 3\scala-Lab-session-3\lab3.scala
2024.07.01 16:38:59 INFO  compiling scala-lab-session-3_f4dd477a3a (1 scala source)
2024.07.01 16:38:59 INFO  time: compiled scala-Lab-session-3_f4dd477a3a in 0.12s
2024.07.01 16:38:59 WARN  Could not load snapshot text for E:\2nd Year\Semester 1\FC\practicals\sessions 3\scala-Lab-session-3\lab3.scala
2024.07.01 16:39:01 WARN  Could not load snapshot text for E:\2nd Year\Semester 1\FC\practicals\sessions 3\scala-Lab-session-3\lab3.scala
2024.07.01 16:39:02 INFO  compiling scala-lab-session-3_f4dd477a3a (1 scala source)
2024.07.01 16:39:02 INFO  time: compiled scala-Lab-session-3_f4dd477a3a in 0.25s
2024.07.01 16:39:02 WARN  Could not load snapshot text for E:\2nd Year\Semester 1\FC\practicals\sessions 3\scala-Lab-session-3\lab3.scala
2024.07.01 16:40:07 WARN  Could not load snapshot text for E:\2nd Year\Semester 1\FC\practicals\sessions 3\scala-Lab-session-3\lab3.scala
Jul 01, 2024 4:40:07 PM org.eclipse.lsp4j.jsonrpc.RemoteEndpoint handleCancellation
WARNING: Unmatched cancel notification for request id 342
2024.07.01 16:40:07 WARN  Could not load snapshot text for E:\2nd Year\Semester 1\FC\practicals\sessions 3\scala-Lab-session-3\lab3.scala
2024.07.01 16:40:08 INFO  compiling scala-lab-session-3_f4dd477a3a (1 scala source)
2024.07.01 16:40:08 INFO  time: compiled scala-Lab-session-3_f4dd477a3a in 0.29s
2024.07.01 16:40:09 WARN  Could not load snapshot text for E:\2nd Year\Semester 1\FC\practicals\sessions 3\scala-Lab-session-3\lab3.scala
2024.07.01 16:40:09 WARN  Could not load snapshot text for E:\2nd Year\Semester 1\FC\practicals\sessions 3\scala-Lab-session-3\lab3.scala
2024.07.01 16:40:10 INFO  compiling scala-lab-session-3_f4dd477a3a (1 scala source)
2024.07.01 16:40:10 INFO  time: compiled scala-Lab-session-3_f4dd477a3a in 0.28s
2024.07.01 16:40:11 WARN  Could not load snapshot text for E:\2nd Year\Semester 1\FC\practicals\sessions 3\scala-Lab-session-3\lab3.scala
2024.07.01 16:40:19 WARN  Could not load snapshot text for E:\2nd Year\Semester 1\FC\practicals\sessions 3\scala-Lab-session-3\lab3.scala
2024.07.01 16:40:20 INFO  compiling scala-lab-session-3_f4dd477a3a (1 scala source)
2024.07.01 16:40:20 INFO  time: compiled scala-Lab-session-3_f4dd477a3a in 0.26s
2024.07.01 16:40:21 WARN  Could not load snapshot text for E:\2nd Year\Semester 1\FC\practicals\sessions 3\scala-Lab-session-3\lab3.scala
2024.07.01 16:40:23 WARN  Could not load snapshot text for E:\2nd Year\Semester 1\FC\practicals\sessions 3\scala-Lab-session-3\lab3.scala
2024.07.01 16:40:24 INFO  compiling scala-lab-session-3_f4dd477a3a (1 scala source)
2024.07.01 16:40:24 INFO  time: compiled scala-Lab-session-3_f4dd477a3a in 0.3s
2024.07.01 16:42:16 INFO  compiling scala-lab-session-3_f4dd477a3a (1 scala source)
2024.07.01 16:42:16 INFO  time: compiled scala-Lab-session-3_f4dd477a3a in 0.28s
2024.07.01 16:43:16 INFO  compiling scala-lab-session-3_f4dd477a3a (1 scala source)
2024.07.01 16:43:16 INFO  time: compiled scala-Lab-session-3_f4dd477a3a in 0.25s
2024.07.01 16:43:18 INFO  compiling scala-lab-session-3_f4dd477a3a (1 scala source)
2024.07.01 16:43:18 INFO  time: compiled scala-Lab-session-3_f4dd477a3a in 0.2s
2024.07.01 16:43:23 INFO  compiling scala-lab-session-3_f4dd477a3a (1 scala source)
2024.07.01 16:43:23 INFO  time: compiled scala-Lab-session-3_f4dd477a3a in 0.21s
Jul 01, 2024 4:43:24 PM org.eclipse.lsp4j.jsonrpc.RemoteEndpoint handleCancellation
WARNING: Unmatched cancel notification for request id 444
2024.07.01 16:43:25 INFO  compiling scala-lab-session-3_f4dd477a3a (1 scala source)
2024.07.01 16:43:25 INFO  time: compiled scala-Lab-session-3_f4dd477a3a in 0.24s
2024.07.01 16:43:33 INFO  compiling scala-lab-session-3_f4dd477a3a (1 scala source)
2024.07.01 16:43:33 INFO  time: compiled scala-Lab-session-3_f4dd477a3a in 94ms
2024.07.01 16:43:35 INFO  compiling scala-lab-session-3_f4dd477a3a (1 scala source)
2024.07.01 16:43:35 INFO  time: compiled scala-Lab-session-3_f4dd477a3a in 87ms
2024.07.01 16:43:36 INFO  compiling scala-lab-session-3_f4dd477a3a (1 scala source)
2024.07.01 16:43:36 INFO  time: compiled scala-Lab-session-3_f4dd477a3a in 0.2s
2024.07.01 16:43:39 INFO  compiling scala-lab-session-3_f4dd477a3a (1 scala source)
2024.07.01 16:43:39 INFO  time: compiled scala-Lab-session-3_f4dd477a3a in 94ms
2024.07.01 16:43:40 INFO  compiling scala-lab-session-3_f4dd477a3a (1 scala source)
2024.07.01 16:43:40 INFO  time: compiled scala-Lab-session-3_f4dd477a3a in 0.23s
2024.07.01 16:43:41 INFO  compiling scala-lab-session-3_f4dd477a3a (1 scala source)
2024.07.01 16:43:41 INFO  time: compiled scala-Lab-session-3_f4dd477a3a in 0.2s
2024.07.01 16:43:49 INFO  compiling scala-lab-session-3_f4dd477a3a (1 scala source)
2024.07.01 16:43:49 INFO  time: compiled scala-Lab-session-3_f4dd477a3a in 85ms
2024.07.01 16:43:51 INFO  compiling scala-lab-session-3_f4dd477a3a (1 scala source)
2024.07.01 16:43:51 INFO  time: compiled scala-Lab-session-3_f4dd477a3a in 0.18s
2024.07.01 16:43:53 INFO  compiling scala-lab-session-3_f4dd477a3a (1 scala source)
2024.07.01 16:43:53 INFO  time: compiled scala-Lab-session-3_f4dd477a3a in 0.19s
2024.07.01 16:44:17 INFO  compiling scala-lab-session-3_f4dd477a3a (1 scala source)
2024.07.01 16:44:17 INFO  time: compiled scala-Lab-session-3_f4dd477a3a in 91ms
2024.07.01 16:44:29 INFO  compiling scala-lab-session-3_f4dd477a3a (1 scala source)
2024.07.01 16:44:29 INFO  time: compiled scala-Lab-session-3_f4dd477a3a in 91ms
2024.07.01 16:44:30 INFO  compiling scala-lab-session-3_f4dd477a3a (1 scala source)
2024.07.01 16:44:30 INFO  time: compiled scala-Lab-session-3_f4dd477a3a in 0.1s
2024.07.01 16:44:39 INFO  compiling scala-lab-session-3_f4dd477a3a (1 scala source)
2024.07.01 16:44:39 INFO  time: compiled scala-Lab-session-3_f4dd477a3a in 0.2s
2024.07.01 16:45:27 INFO  compiling scala-lab-session-3_f4dd477a3a (1 scala source)
2024.07.01 16:45:27 INFO  time: compiled scala-Lab-session-3_f4dd477a3a in 0.12s
2024.07.01 16:45:28 INFO  compiling scala-lab-session-3_f4dd477a3a (1 scala source)
2024.07.01 16:45:28 INFO  time: compiled scala-Lab-session-3_f4dd477a3a in 98ms
2024.07.01 16:45:42 INFO  compiling scala-lab-session-3_f4dd477a3a (1 scala source)
2024.07.01 16:45:42 INFO  time: compiled scala-Lab-session-3_f4dd477a3a in 0.22s
2024.07.01 16:48:27 INFO  compiling scala-lab-session-3_f4dd477a3a (1 scala source)
2024.07.01 16:48:27 INFO  time: compiled scala-Lab-session-3_f4dd477a3a in 0.39s
2024.07.01 16:48:28 INFO  compiling scala-lab-session-3_f4dd477a3a (1 scala source)
2024.07.01 16:48:28 INFO  time: compiled scala-Lab-session-3_f4dd477a3a in 0.2s
2024.07.01 16:48:40 INFO  compiling scala-lab-session-3_f4dd477a3a (1 scala source)
2024.07.01 16:48:40 INFO  time: compiled scala-Lab-session-3_f4dd477a3a in 0.27s
2024.07.01 17:06:02 INFO  Shutting down server
2024.07.01 17:06:02 INFO  shutting down Metals
2024.07.01 17:06:02 INFO  Shut down connection with build server.
2024.07.01 17:06:02 INFO  Exiting server
2024.07.01 21:00:21 INFO  Started: Metals version 1.3.2 in folders 'E:\2nd Year\Semester 1\FC\practicals\sessions 3\scala-Lab-session-3' for client Visual Studio Code 1.90.2.
SLF4J(W): Class path contains multiple SLF4J providers.
SLF4J(W): Found provider [scribe.slf4j.ScribeServiceProvider@64b99f88]
SLF4J(W): Found provider [ch.qos.logback.classic.spi.LogbackServiceProvider@1ba5b117]
SLF4J(W): See https://www.slf4j.org/codes.html#multiple_bindings for an explanation.
SLF4J(I): Actual provider is of type [scribe.slf4j.ScribeServiceProvider@64b99f88]
2024.07.01 21:00:21 WARN  Flyway upgrade recommended: H2 2.2.224 is newer than this version of Flyway and support has not been tested. The latest supported version of H2 is 2.2.220.
2024.07.01 21:00:22 INFO  no build target found for E:\2nd Year\Semester 1\FC\practicals\sessions 3\scala-Lab-session-3\lab3.scala. Using presentation compiler with project's scala-library version: 3.3.3
2024.07.01 21:00:23 INFO  Attempting to connect to the build server...
2024.07.01 21:00:23 INFO  Running BSP server List(C:\Users\User\AppData\Local\Coursier\data\bin\.scala-cli.aux.exe, bsp, --json-options, E:\2nd Year\Semester 1\FC\practicals\sessions 3\scala-Lab-session-3\.scala-build\ide-options-v2.json, --json-launcher-options, E:\2nd Year\Semester 1\FC\practicals\sessions 3\scala-Lab-session-3\.scala-build\ide-launcher-options.json, --envs-file, E:\2nd Year\Semester 1\FC\practicals\sessions 3\scala-Lab-session-3\.scala-build\ide-envs.json, E:\2nd Year\Semester 1\FC\practicals\sessions 3\scala-Lab-session-3)
2024.07.01 21:00:23 INFO  tracing is disabled for protocol BSP, to enable tracing of incoming and outgoing JSON messages create an empty file at E:\2nd Year\Semester 1\FC\practicals\sessions 3\scala-Lab-session-3\.metals\bsp.trace.json or C:\Users\User\AppData\Local\scalameta\metals\cache\bsp.trace.json
2024.07.01 21:00:24 INFO  BSP server: Starting compilation server
2024.07.01 21:00:28 INFO  time: Connected to build server in 5.41s
2024.07.01 21:00:28 INFO  Connected to Build server: scala-cli v1.3.2
2024.07.01 21:00:30 INFO  time: indexed workspace in 1.73s
2024.07.01 21:00:57 INFO  compiling scala-lab-session-3_f4dd477a3a (1 scala source)
2024.07.01 21:01:00 INFO  time: compiled scala-Lab-session-3_f4dd477a3a in 2.93s
2024.07.01 21:03:53 INFO  compiling scala-lab-session-3_f4dd477a3a (1 scala source)
2024.07.01 21:03:53 INFO  time: compiled scala-Lab-session-3_f4dd477a3a in 0.64s
Jul 01, 2024 9:04:18 PM org.eclipse.lsp4j.jsonrpc.RemoteEndpoint fallbackResponseError
SEVERE: Internal error: scala.meta.internal.metals.debug.DebugProvider$NoRunOptionException$: There is nothing to run or test in the current file.
java.util.concurrent.CompletionException: scala.meta.internal.metals.debug.DebugProvider$NoRunOptionException$: There is nothing to run or test in the current file.
	at java.base/java.util.concurrent.CompletableFuture.encodeThrowable(CompletableFuture.java:332)
	at java.base/java.util.concurrent.CompletableFuture.uniAcceptNow(CompletableFuture.java:747)
	at java.base/java.util.concurrent.CompletableFuture.uniAcceptStage(CompletableFuture.java:735)
	at java.base/java.util.concurrent.CompletableFuture.thenAcceptAsync(CompletableFuture.java:2186)
	at scala.concurrent.java8.FuturesConvertersImpl$CF.thenAccept(FutureConvertersImpl.scala:37)
	at org.eclipse.lsp4j.jsonrpc.RemoteEndpoint.handleRequest(RemoteEndpoint.java:288)
	at org.eclipse.lsp4j.jsonrpc.RemoteEndpoint.consume(RemoteEndpoint.java:201)
	at org.eclipse.lsp4j.jsonrpc.json.StreamMessageProducer.handleMessage(StreamMessageProducer.java:185)
	at org.eclipse.lsp4j.jsonrpc.json.StreamMessageProducer.listen(StreamMessageProducer.java:97)
	at org.eclipse.lsp4j.jsonrpc.json.ConcurrentMessageProcessor.run(ConcurrentMessageProcessor.java:114)
	at java.base/java.util.concurrent.Executors$RunnableAdapter.call(Executors.java:539)
	at java.base/java.util.concurrent.FutureTask.run(FutureTask.java:264)
	at java.base/java.util.concurrent.ThreadPoolExecutor.runWorker(ThreadPoolExecutor.java:1136)
	at java.base/java.util.concurrent.ThreadPoolExecutor$Worker.run(ThreadPoolExecutor.java:635)
	at java.base/java.lang.Thread.run(Thread.java:833)
Caused by: scala.meta.internal.metals.debug.DebugProvider$NoRunOptionException$: There is nothing to run or test in the current file.
	at scala.meta.internal.metals.debug.DebugProvider$NoRunOptionException$.<clinit>(DebugProvider.scala:1036)
	at scala.meta.internal.metals.debug.DebugProvider.$anonfun$resolveInFile$2(DebugProvider.scala:479)
	at scala.Option.fold(Option.scala:263)
	at scala.meta.internal.metals.debug.DebugProvider.resolveInFile(DebugProvider.scala:450)
	at scala.meta.internal.metals.debug.DebugProvider.debugDiscovery(DebugProvider.scala:595)
	at scala.meta.internal.metals.debug.DebugProvider.runCommandDiscovery(DebugProvider.scala:523)
	at scala.meta.internal.metals.MetalsLspService.discoverMainClasses(MetalsLspService.scala:1526)
	at scala.meta.internal.metals.WorkspaceLspService.executeCommand(WorkspaceLspService.scala:796)
	at scala.meta.metals.lsp.DelegatingScalaService.executeCommand(DelegatingScalaService.scala:169)
	at java.base/jdk.internal.reflect.NativeMethodAccessorImpl.invoke0(Native Method)
	at java.base/jdk.internal.reflect.NativeMethodAccessorImpl.invoke(NativeMethodAccessorImpl.java:77)
	at java.base/jdk.internal.reflect.DelegatingMethodAccessorImpl.invoke(DelegatingMethodAccessorImpl.java:43)
	at java.base/java.lang.reflect.Method.invoke(Method.java:568)
	at org.eclipse.lsp4j.jsonrpc.services.GenericEndpoint.lambda$recursiveFindRpcMethods$0(GenericEndpoint.java:65)
	at org.eclipse.lsp4j.jsonrpc.services.GenericEndpoint.request(GenericEndpoint.java:128)
	at org.eclipse.lsp4j.jsonrpc.RemoteEndpoint.handleRequest(RemoteEndpoint.java:271)
	... 9 more

2024.07.01 21:07:25 INFO  compiling scala-lab-session-3_f4dd477a3a (1 scala source)
2024.07.01 21:07:25 INFO  time: compiled scala-Lab-session-3_f4dd477a3a in 0.36s
2024.07.01 21:07:28 INFO  compiling scala-lab-session-3_f4dd477a3a (1 scala source)
2024.07.01 21:07:28 INFO  time: compiled scala-Lab-session-3_f4dd477a3a in 0.36s
Exception in thread "pool-5-thread-1" java.lang.InterruptedException
	at scala.meta.internal.metals.FutureCancelToken.checkCanceled(FutureCancelToken.scala:29)
	at scala.meta.internal.pc.CompilerAccess.onCompilerJobQueue$$anonfun$1(CompilerAccess.scala:244)
	at scala.meta.internal.pc.CompilerJobQueue$Job.run(CompilerJobQueue.scala:153)
	at java.base/java.util.concurrent.ThreadPoolExecutor.runWorker(ThreadPoolExecutor.java:1136)
	at java.base/java.util.concurrent.ThreadPoolExecutor$Worker.run(ThreadPoolExecutor.java:635)
	at java.base/java.lang.Thread.run(Thread.java:833)
2024.07.01 21:07:37 INFO  compiling scala-lab-session-3_f4dd477a3a (1 scala source)
2024.07.01 21:07:37 INFO  time: compiled scala-Lab-session-3_f4dd477a3a in 0.22s
Jul 01, 2024 9:07:40 PM org.eclipse.lsp4j.jsonrpc.RemoteEndpoint fallbackResponseError
SEVERE: Internal error: java.lang.StringIndexOutOfBoundsException: begin 642, end 659, length 649
java.util.concurrent.CompletionException: java.lang.StringIndexOutOfBoundsException: begin 642, end 659, length 649
	at java.base/java.util.concurrent.CompletableFuture.encodeThrowable(CompletableFuture.java:332)
	at java.base/java.util.concurrent.CompletableFuture.completeThrowable(CompletableFuture.java:347)
	at java.base/java.util.concurrent.CompletableFuture$UniAccept.tryFire(CompletableFuture.java:708)
	at java.base/java.util.concurrent.CompletableFuture.postComplete(CompletableFuture.java:510)
	at java.base/java.util.concurrent.CompletableFuture.completeExceptionally(CompletableFuture.java:2162)
	at scala.meta.internal.metals.CancelTokens$.$anonfun$future$1(CancelTokens.scala:40)
	at scala.meta.internal.metals.CancelTokens$.$anonfun$future$1$adapted(CancelTokens.scala:38)
	at scala.concurrent.impl.Promise$Transformation.run(Promise.scala:484)
	at java.base/java.util.concurrent.ThreadPoolExecutor.runWorker(ThreadPoolExecutor.java:1136)
	at java.base/java.util.concurrent.ThreadPoolExecutor$Worker.run(ThreadPoolExecutor.java:635)
	at java.base/java.lang.Thread.run(Thread.java:833)
Caused by: java.lang.StringIndexOutOfBoundsException: begin 642, end 659, length 649
	at java.base/java.lang.String.checkBoundsBeginEnd(String.java:4601)
	at java.base/java.lang.String.substring(String.java:2704)
	at scala.meta.internal.metals.codeactions.FlatMapToForComprehensionCodeAction.getIndentForPos(FlatMapToForComprehensionCodeAction.scala:679)
	at scala.meta.internal.metals.codeactions.FlatMapToForComprehensionCodeAction.$anonfun$contribute$4(FlatMapToForComprehensionCodeAction.scala:59)
	at scala.Option.map(Option.scala:242)
	at scala.meta.internal.metals.codeactions.FlatMapToForComprehensionCodeAction.$anonfun$contribute$3(FlatMapToForComprehensionCodeAction.scala:55)
	at scala.Option.flatMap(Option.scala:283)
	at scala.meta.internal.metals.codeactions.FlatMapToForComprehensionCodeAction.$anonfun$contribute$2(FlatMapToForComprehensionCodeAction.scala:54)
	at scala.Option.flatMap(Option.scala:283)
	at scala.meta.internal.metals.codeactions.FlatMapToForComprehensionCodeAction.$anonfun$contribute$1(FlatMapToForComprehensionCodeAction.scala:53)
	at scala.concurrent.Future$.$anonfun$apply$1(Future.scala:687)
	at scala.concurrent.impl.Promise$Transformation.run(Promise.scala:467)
	... 3 more

2024.07.01 21:07:41 INFO  compiling scala-lab-session-3_f4dd477a3a (1 scala source)
2024.07.01 21:07:41 INFO  time: compiled scala-Lab-session-3_f4dd477a3a in 0.52s
2024.07.01 21:07:43 INFO  compiling scala-lab-session-3_f4dd477a3a (1 scala source)
2024.07.01 21:07:43 INFO  time: compiled scala-Lab-session-3_f4dd477a3a in 0.37s
2024.07.01 21:07:45 INFO  compiling scala-lab-session-3_f4dd477a3a (1 scala source)
2024.07.01 21:07:45 INFO  time: compiled scala-Lab-session-3_f4dd477a3a in 0.33s
2024.07.01 21:07:50 INFO  compiling scala-lab-session-3_f4dd477a3a (1 scala source)
2024.07.01 21:07:50 INFO  time: compiled scala-Lab-session-3_f4dd477a3a in 0.11s
2024.07.01 21:10:59 INFO  compiling scala-lab-session-3_f4dd477a3a (1 scala source)
2024.07.01 21:10:59 INFO  time: compiled scala-Lab-session-3_f4dd477a3a in 0.13s
2024.07.01 21:11:02 INFO  compiling scala-lab-session-3_f4dd477a3a (1 scala source)
2024.07.01 21:11:02 INFO  time: compiled scala-Lab-session-3_f4dd477a3a in 0.28s
2024.07.01 21:11:06 INFO  compiling scala-lab-session-3_f4dd477a3a (1 scala source)
2024.07.01 21:11:06 INFO  time: compiled scala-Lab-session-3_f4dd477a3a in 0.1s
2024.07.01 21:11:23 INFO  compiling scala-lab-session-3_f4dd477a3a (1 scala source)
2024.07.01 21:11:23 INFO  time: compiled scala-Lab-session-3_f4dd477a3a in 0.26s
2024.07.01 21:11:28 INFO  compiling scala-lab-session-3_f4dd477a3a (1 scala source)
2024.07.01 21:11:28 INFO  time: compiled scala-Lab-session-3_f4dd477a3a in 0.12s
Jul 01, 2024 9:11:30 PM scala.meta.internal.pc.CompilerAccess handleError
SEVERE: A severe compiler error occurred, full details of the error can be found in the error report E:\2nd Year\Semester 1\FC\practicals\sessions 3\scala-Lab-session-3\.metals\.reports\metals-full\2024-07-01\r_compiler-error_(scala-Lab-session-3_f4dd477a3a)_21-11-30-109.md
2024.07.01 21:11:32 INFO  compiling scala-lab-session-3_f4dd477a3a (1 scala source)
2024.07.01 21:11:32 INFO  time: compiled scala-Lab-session-3_f4dd477a3a in 99ms
2024.07.01 21:11:34 INFO  compiling scala-lab-session-3_f4dd477a3a (1 scala source)
2024.07.01 21:11:34 INFO  time: compiled scala-Lab-session-3_f4dd477a3a in 97ms
2024.07.01 21:11:42 INFO  compiling scala-lab-session-3_f4dd477a3a (1 scala source)
2024.07.01 21:11:42 INFO  time: compiled scala-Lab-session-3_f4dd477a3a in 89ms
2024.07.01 21:11:45 INFO  compiling scala-lab-session-3_f4dd477a3a (1 scala source)
2024.07.01 21:11:45 INFO  time: compiled scala-Lab-session-3_f4dd477a3a in 88ms
2024.07.01 21:11:48 INFO  compiling scala-lab-session-3_f4dd477a3a (1 scala source)
2024.07.01 21:11:48 INFO  time: compiled scala-Lab-session-3_f4dd477a3a in 0.22s
2024.07.01 21:11:51 INFO  compiling scala-lab-session-3_f4dd477a3a (1 scala source)
2024.07.01 21:11:51 INFO  time: compiled scala-Lab-session-3_f4dd477a3a in 0.32s
2024.07.01 21:11:52 INFO  compiling scala-lab-session-3_f4dd477a3a (1 scala source)
2024.07.01 21:11:52 INFO  time: compiled scala-Lab-session-3_f4dd477a3a in 0.11s
2024.07.01 21:11:55 INFO  compiling scala-lab-session-3_f4dd477a3a (1 scala source)
2024.07.01 21:11:55 INFO  time: compiled scala-Lab-session-3_f4dd477a3a in 0.24s
2024.07.01 21:12:04 INFO  compiling scala-lab-session-3_f4dd477a3a (1 scala source)
2024.07.01 21:12:04 INFO  time: compiled scala-Lab-session-3_f4dd477a3a in 0.37s
2024.07.01 21:12:06 INFO  compiling scala-lab-session-3_f4dd477a3a (1 scala source)
2024.07.01 21:12:06 INFO  time: compiled scala-Lab-session-3_f4dd477a3a in 0.27s
2024.07.01 21:12:14 INFO  compiling scala-lab-session-3_f4dd477a3a (1 scala source)
2024.07.01 21:12:14 INFO  time: compiled scala-Lab-session-3_f4dd477a3a in 0.12s
2024.07.01 21:12:16 INFO  compiling scala-lab-session-3_f4dd477a3a (1 scala source)
2024.07.01 21:12:16 INFO  time: compiled scala-Lab-session-3_f4dd477a3a in 0.24s
2024.07.01 21:12:17 INFO  compiling scala-lab-session-3_f4dd477a3a (1 scala source)
2024.07.01 21:12:17 INFO  time: compiled scala-Lab-session-3_f4dd477a3a in 0.27s
2024.07.01 21:12:25 INFO  compiling scala-lab-session-3_f4dd477a3a (1 scala source)
2024.07.01 21:12:25 INFO  time: compiled scala-Lab-session-3_f4dd477a3a in 0.22s
2024.07.01 21:12:27 INFO  compiling scala-lab-session-3_f4dd477a3a (1 scala source)
2024.07.01 21:12:27 INFO  time: compiled scala-Lab-session-3_f4dd477a3a in 0.23s
2024.07.01 21:12:31 INFO  compiling scala-lab-session-3_f4dd477a3a (1 scala source)
2024.07.01 21:12:31 INFO  time: compiled scala-Lab-session-3_f4dd477a3a in 0.19s
2024.07.01 21:12:33 INFO  compiling scala-lab-session-3_f4dd477a3a (1 scala source)
2024.07.01 21:12:33 INFO  time: compiled scala-Lab-session-3_f4dd477a3a in 89ms
2024.07.01 21:12:35 INFO  compiling scala-lab-session-3_f4dd477a3a (1 scala source)
2024.07.01 21:12:35 INFO  time: compiled scala-Lab-session-3_f4dd477a3a in 0.18s
2024.07.01 21:12:36 INFO  compiling scala-lab-session-3_f4dd477a3a (1 scala source)
2024.07.01 21:12:36 INFO  time: compiled scala-Lab-session-3_f4dd477a3a in 0.1s
2024.07.01 21:12:39 INFO  compiling scala-lab-session-3_f4dd477a3a (1 scala source)
2024.07.01 21:12:39 INFO  time: compiled scala-Lab-session-3_f4dd477a3a in 88ms
2024.07.01 21:12:42 INFO  compiling scala-lab-session-3_f4dd477a3a (1 scala source)
2024.07.01 21:12:42 INFO  time: compiled scala-Lab-session-3_f4dd477a3a in 79ms
2024.07.01 21:12:47 INFO  compiling scala-lab-session-3_f4dd477a3a (1 scala source)
2024.07.01 21:12:47 INFO  time: compiled scala-Lab-session-3_f4dd477a3a in 86ms
2024.07.01 21:12:50 INFO  compiling scala-lab-session-3_f4dd477a3a (1 scala source)
2024.07.01 21:12:50 INFO  time: compiled scala-Lab-session-3_f4dd477a3a in 92ms
2024.07.01 21:12:52 INFO  compiling scala-lab-session-3_f4dd477a3a (1 scala source)
2024.07.01 21:12:52 INFO  time: compiled scala-Lab-session-3_f4dd477a3a in 86ms
2024.07.01 21:12:55 INFO  compiling scala-lab-session-3_f4dd477a3a (1 scala source)
2024.07.01 21:12:55 INFO  time: compiled scala-Lab-session-3_f4dd477a3a in 0.14s
2024.07.01 21:13:00 INFO  compiling scala-lab-session-3_f4dd477a3a (1 scala source)
2024.07.01 21:13:00 INFO  time: compiled scala-Lab-session-3_f4dd477a3a in 86ms
2024.07.01 21:13:44 INFO  compiling scala-lab-session-3_f4dd477a3a (1 scala source)
2024.07.01 21:13:44 INFO  time: compiled scala-Lab-session-3_f4dd477a3a in 0.11s
2024.07.01 21:13:47 INFO  compiling scala-lab-session-3_f4dd477a3a (1 scala source)
2024.07.01 21:13:47 INFO  time: compiled scala-Lab-session-3_f4dd477a3a in 89ms
2024.07.01 21:13:54 INFO  compiling scala-lab-session-3_f4dd477a3a (1 scala source)
2024.07.01 21:13:54 INFO  time: compiled scala-Lab-session-3_f4dd477a3a in 91ms
2024.07.01 21:13:57 INFO  compiling scala-lab-session-3_f4dd477a3a (1 scala source)
2024.07.01 21:13:57 INFO  time: compiled scala-Lab-session-3_f4dd477a3a in 0.27s
2024.07.01 21:14:46 INFO  compiling scala-lab-session-3_f4dd477a3a (1 scala source)
2024.07.01 21:14:46 INFO  time: compiled scala-Lab-session-3_f4dd477a3a in 0.24s
2024.07.01 21:14:52 INFO  compiling scala-lab-session-3_f4dd477a3a (1 scala source)
2024.07.01 21:14:52 INFO  time: compiled scala-Lab-session-3_f4dd477a3a in 0.11s
Jul 01, 2024 9:14:52 PM org.eclipse.lsp4j.jsonrpc.RemoteEndpoint handleCancellation
WARNING: Unmatched cancel notification for request id 864
2024.07.01 21:14:54 INFO  compiling scala-lab-session-3_f4dd477a3a (1 scala source)
2024.07.01 21:14:54 INFO  time: compiled scala-Lab-session-3_f4dd477a3a in 76ms
Jul 01, 2024 9:14:57 PM org.eclipse.lsp4j.jsonrpc.RemoteEndpoint handleCancellation
WARNING: Unmatched cancel notification for request id 883
2024.07.01 21:14:58 INFO  compiling scala-lab-session-3_f4dd477a3a (1 scala source)
2024.07.01 21:14:58 INFO  time: compiled scala-Lab-session-3_f4dd477a3a in 84ms
2024.07.01 21:15:02 INFO  compiling scala-lab-session-3_f4dd477a3a (1 scala source)
2024.07.01 21:15:02 INFO  time: compiled scala-Lab-session-3_f4dd477a3a in 84ms
2024.07.01 21:15:03 INFO  compiling scala-lab-session-3_f4dd477a3a (1 scala source)
2024.07.01 21:15:03 INFO  time: compiled scala-Lab-session-3_f4dd477a3a in 90ms
2024.07.01 21:15:05 INFO  compiling scala-lab-session-3_f4dd477a3a (1 scala source)
2024.07.01 21:15:05 INFO  time: compiled scala-Lab-session-3_f4dd477a3a in 96ms
2024.07.01 21:15:06 INFO  compiling scala-lab-session-3_f4dd477a3a (1 scala source)
2024.07.01 21:15:06 INFO  time: compiled scala-Lab-session-3_f4dd477a3a in 83ms
2024.07.01 21:15:09 INFO  compiling scala-lab-session-3_f4dd477a3a (1 scala source)
2024.07.01 21:15:09 INFO  time: compiled scala-Lab-session-3_f4dd477a3a in 0.1s
2024.07.01 21:15:14 INFO  compiling scala-lab-session-3_f4dd477a3a (1 scala source)
2024.07.01 21:15:14 INFO  time: compiled scala-Lab-session-3_f4dd477a3a in 91ms
2024.07.01 21:15:16 INFO  compiling scala-lab-session-3_f4dd477a3a (1 scala source)
2024.07.01 21:15:16 INFO  time: compiled scala-Lab-session-3_f4dd477a3a in 82ms
2024.07.01 21:15:22 INFO  compiling scala-lab-session-3_f4dd477a3a (1 scala source)
2024.07.01 21:15:22 INFO  time: compiled scala-Lab-session-3_f4dd477a3a in 0.11s
2024.07.01 21:15:23 INFO  compiling scala-lab-session-3_f4dd477a3a (1 scala source)
2024.07.01 21:15:23 INFO  time: compiled scala-Lab-session-3_f4dd477a3a in 0.1s
2024.07.01 21:15:27 INFO  compiling scala-lab-session-3_f4dd477a3a (1 scala source)
2024.07.01 21:15:27 INFO  time: compiled scala-Lab-session-3_f4dd477a3a in 89ms
2024.07.01 21:15:30 INFO  compiling scala-lab-session-3_f4dd477a3a (1 scala source)
2024.07.01 21:15:30 INFO  time: compiled scala-Lab-session-3_f4dd477a3a in 0.2s
Jul 01, 2024 9:15:42 PM scala.meta.internal.pc.CompilerAccess handleError
SEVERE: A severe compiler error occurred, full details of the error can be found in the error report E:\2nd Year\Semester 1\FC\practicals\sessions 3\scala-Lab-session-3\.metals\.reports\metals-full\2024-07-01\r_compiler-error_(scala-Lab-session-3_f4dd477a3a)_21-15-42-761.md
2024.07.01 21:15:44 INFO  compiling scala-lab-session-3_f4dd477a3a (1 scala source)
2024.07.01 21:15:44 INFO  time: compiled scala-Lab-session-3_f4dd477a3a in 78ms
2024.07.01 21:15:46 INFO  compiling scala-lab-session-3_f4dd477a3a (1 scala source)
2024.07.01 21:15:46 INFO  time: compiled scala-Lab-session-3_f4dd477a3a in 80ms
2024.07.01 21:15:48 INFO  compiling scala-lab-session-3_f4dd477a3a (1 scala source)
2024.07.01 21:15:48 INFO  time: compiled scala-Lab-session-3_f4dd477a3a in 0.18s
2024.07.01 21:15:53 INFO  compiling scala-lab-session-3_f4dd477a3a (1 scala source)
2024.07.01 21:15:53 INFO  time: compiled scala-Lab-session-3_f4dd477a3a in 0.21s
2024.07.01 21:16:01 INFO  compiling scala-lab-session-3_f4dd477a3a (1 scala source)
2024.07.01 21:16:01 INFO  time: compiled scala-Lab-session-3_f4dd477a3a in 0.23s
2024.07.01 21:16:03 INFO  compiling scala-lab-session-3_f4dd477a3a (1 scala source)
2024.07.01 21:16:03 INFO  time: compiled scala-Lab-session-3_f4dd477a3a in 0.3s
2024.07.01 21:16:07 INFO  compiling scala-lab-session-3_f4dd477a3a (1 scala source)
2024.07.01 21:16:07 INFO  time: compiled scala-Lab-session-3_f4dd477a3a in 0.18s
2024.07.01 21:16:25 INFO  compiling scala-lab-session-3_f4dd477a3a (1 scala source)
2024.07.01 21:16:25 INFO  time: compiled scala-Lab-session-3_f4dd477a3a in 0.19s
2024.07.01 21:16:26 INFO  compiling scala-lab-session-3_f4dd477a3a (1 scala source)
2024.07.01 21:16:26 INFO  time: compiled scala-Lab-session-3_f4dd477a3a in 0.19s
2024.07.01 21:16:30 INFO  compiling scala-lab-session-3_f4dd477a3a (1 scala source)
2024.07.01 21:16:30 INFO  time: compiled scala-Lab-session-3_f4dd477a3a in 0.2s
2024.07.01 21:16:32 INFO  compiling scala-lab-session-3_f4dd477a3a (1 scala source)
2024.07.01 21:16:32 INFO  time: compiled scala-Lab-session-3_f4dd477a3a in 0.24s
2024.07.01 21:16:33 INFO  compiling scala-lab-session-3_f4dd477a3a (1 scala source)
2024.07.01 21:16:33 INFO  time: compiled scala-Lab-session-3_f4dd477a3a in 0.18s
2024.07.01 21:16:35 INFO  compiling scala-lab-session-3_f4dd477a3a (1 scala source)
2024.07.01 21:16:35 INFO  time: compiled scala-Lab-session-3_f4dd477a3a in 0.24s
2024.07.01 21:16:36 INFO  compiling scala-lab-session-3_f4dd477a3a (1 scala source)
2024.07.01 21:16:36 INFO  time: compiled scala-Lab-session-3_f4dd477a3a in 0.24s
2024.07.01 21:16:40 INFO  compiling scala-lab-session-3_f4dd477a3a (1 scala source)
2024.07.01 21:16:40 INFO  time: compiled scala-Lab-session-3_f4dd477a3a in 0.21s
Jul 01, 2024 9:16:42 PM org.eclipse.lsp4j.jsonrpc.RemoteEndpoint handleCancellation
WARNING: Unmatched cancel notification for request id 1396
2024.07.01 21:16:43 INFO  compiling scala-lab-session-3_f4dd477a3a (1 scala source)
2024.07.01 21:16:43 INFO  time: compiled scala-Lab-session-3_f4dd477a3a in 0.19s
2024.07.01 21:17:12 INFO  compiling scala-lab-session-3_f4dd477a3a (1 scala source)
2024.07.01 21:17:12 INFO  time: compiled scala-Lab-session-3_f4dd477a3a in 0.19s
2024.07.01 21:17:13 INFO  compiling scala-lab-session-3_f4dd477a3a (1 scala source)
2024.07.01 21:17:13 INFO  time: compiled scala-Lab-session-3_f4dd477a3a in 0.2s
2024.07.01 21:17:16 INFO  compiling scala-lab-session-3_f4dd477a3a (1 scala source)
2024.07.01 21:17:16 INFO  time: compiled scala-Lab-session-3_f4dd477a3a in 0.22s
2024.07.01 21:17:42 INFO  compiling scala-lab-session-3_f4dd477a3a (1 scala source)
2024.07.01 21:17:42 INFO  time: compiled scala-Lab-session-3_f4dd477a3a in 0.19s
2024.07.01 21:17:44 INFO  compiling scala-lab-session-3_f4dd477a3a (1 scala source)
2024.07.01 21:17:44 INFO  time: compiled scala-Lab-session-3_f4dd477a3a in 0.17s
2024.07.01 21:17:48 INFO  compiling scala-lab-session-3_f4dd477a3a (1 scala source)
2024.07.01 21:17:48 INFO  time: compiled scala-Lab-session-3_f4dd477a3a in 0.19s
2024.07.01 21:17:49 INFO  compiling scala-lab-session-3_f4dd477a3a (1 scala source)
2024.07.01 21:17:49 INFO  time: compiled scala-Lab-session-3_f4dd477a3a in 0.17s
2024.07.01 21:17:54 INFO  compiling scala-lab-session-3_f4dd477a3a (1 scala source)
2024.07.01 21:17:54 INFO  time: compiled scala-Lab-session-3_f4dd477a3a in 0.19s
2024.07.01 21:17:58 INFO  compiling scala-lab-session-3_f4dd477a3a (1 scala source)
2024.07.01 21:17:58 INFO  time: compiled scala-Lab-session-3_f4dd477a3a in 0.17s
2024.07.01 21:18:00 INFO  compiling scala-lab-session-3_f4dd477a3a (1 scala source)
2024.07.01 21:18:00 INFO  time: compiled scala-Lab-session-3_f4dd477a3a in 0.19s
2024.07.01 21:18:01 INFO  compiling scala-lab-session-3_f4dd477a3a (1 scala source)
2024.07.01 21:18:01 INFO  time: compiled scala-Lab-session-3_f4dd477a3a in 0.17s
2024.07.01 21:18:08 INFO  compiling scala-lab-session-3_f4dd477a3a (1 scala source)
2024.07.01 21:18:08 INFO  time: compiled scala-Lab-session-3_f4dd477a3a in 0.25s
2024.07.01 21:18:17 INFO  compiling scala-lab-session-3_f4dd477a3a (1 scala source)
2024.07.01 21:18:17 INFO  time: compiled scala-Lab-session-3_f4dd477a3a in 0.17s
2024.07.01 21:19:56 INFO  compiling scala-lab-session-3_f4dd477a3a (1 scala source)
2024.07.01 21:19:56 INFO  time: compiled scala-Lab-session-3_f4dd477a3a in 0.19s
2024.07.01 21:19:59 INFO  compiling scala-lab-session-3_f4dd477a3a (1 scala source)
2024.07.01 21:19:59 INFO  time: compiled scala-Lab-session-3_f4dd477a3a in 0.18s
2024.07.01 21:30:56 INFO  compiling scala-lab-session-3_f4dd477a3a (1 scala source)
2024.07.01 21:30:56 INFO  time: compiled scala-Lab-session-3_f4dd477a3a in 0.21s
2024.07.01 21:30:59 INFO  compiling scala-lab-session-3_f4dd477a3a (1 scala source)
2024.07.01 21:30:59 INFO  time: compiled scala-Lab-session-3_f4dd477a3a in 84ms
2024.07.01 21:31:02 INFO  compiling scala-lab-session-3_f4dd477a3a (1 scala source)
2024.07.01 21:31:02 INFO  time: compiled scala-Lab-session-3_f4dd477a3a in 64ms
2024.07.01 21:31:05 INFO  compiling scala-lab-session-3_f4dd477a3a (1 scala source)
2024.07.01 21:31:05 INFO  time: compiled scala-Lab-session-3_f4dd477a3a in 74ms
2024.07.01 21:31:08 INFO  compiling scala-lab-session-3_f4dd477a3a (1 scala source)
2024.07.01 21:31:08 INFO  time: compiled scala-Lab-session-3_f4dd477a3a in 75ms
2024.07.01 21:31:11 INFO  compiling scala-lab-session-3_f4dd477a3a (1 scala source)
2024.07.01 21:31:11 INFO  time: compiled scala-Lab-session-3_f4dd477a3a in 92ms
2024.07.01 21:31:16 INFO  compiling scala-lab-session-3_f4dd477a3a (1 scala source)
2024.07.01 21:31:16 INFO  time: compiled scala-Lab-session-3_f4dd477a3a in 88ms
Jul 01, 2024 9:31:19 PM org.eclipse.lsp4j.jsonrpc.RemoteEndpoint handleCancellation
WARNING: Unmatched cancel notification for request id 1904
2024.07.01 21:31:24 INFO  compiling scala-lab-session-3_f4dd477a3a (1 scala source)
2024.07.01 21:31:24 INFO  time: compiled scala-Lab-session-3_f4dd477a3a in 94ms
2024.07.01 21:31:26 INFO  compiling scala-lab-session-3_f4dd477a3a (1 scala source)
2024.07.01 21:31:26 INFO  time: compiled scala-Lab-session-3_f4dd477a3a in 70ms
2024.07.01 21:31:28 INFO  compiling scala-lab-session-3_f4dd477a3a (1 scala source)
2024.07.01 21:31:28 INFO  time: compiled scala-Lab-session-3_f4dd477a3a in 76ms
2024.07.01 21:31:38 INFO  compiling scala-lab-session-3_f4dd477a3a (1 scala source)
2024.07.01 21:31:38 INFO  time: compiled scala-Lab-session-3_f4dd477a3a in 75ms
2024.07.01 21:31:40 INFO  compiling scala-lab-session-3_f4dd477a3a (1 scala source)
2024.07.01 21:31:40 INFO  time: compiled scala-Lab-session-3_f4dd477a3a in 0.16s
2024.07.01 21:32:06 INFO  compiling scala-lab-session-3_f4dd477a3a (1 scala source)
2024.07.01 21:32:06 INFO  time: compiled scala-Lab-session-3_f4dd477a3a in 86ms
Jul 01, 2024 9:32:08 PM scala.meta.internal.pc.CompilerAccess handleError
SEVERE: A severe compiler error occurred, full details of the error can be found in the error report E:\2nd Year\Semester 1\FC\practicals\sessions 3\scala-Lab-session-3\.metals\.reports\metals-full\2024-07-01\r_compiler-error_(scala-Lab-session-3_f4dd477a3a)_21-32-08-507.md
Jul 01, 2024 9:32:09 PM org.eclipse.lsp4j.jsonrpc.RemoteEndpoint handleCancellation
WARNING: Unmatched cancel notification for request id 2097
2024.07.01 21:32:10 INFO  compiling scala-lab-session-3_f4dd477a3a (1 scala source)
2024.07.01 21:32:10 INFO  time: compiled scala-Lab-session-3_f4dd477a3a in 0.16s
2024.07.01 21:32:12 INFO  compiling scala-lab-session-3_f4dd477a3a (1 scala source)
2024.07.01 21:32:12 INFO  time: compiled scala-Lab-session-3_f4dd477a3a in 78ms
2024.07.01 21:32:20 INFO  compiling scala-lab-session-3_f4dd477a3a (1 scala source)
2024.07.01 21:32:20 INFO  time: compiled scala-Lab-session-3_f4dd477a3a in 0.19s
2024.07.01 21:32:21 INFO  compiling scala-lab-session-3_f4dd477a3a (1 scala source)
2024.07.01 21:32:21 INFO  time: compiled scala-Lab-session-3_f4dd477a3a in 0.17s
2024.07.01 21:32:23 INFO  compiling scala-lab-session-3_f4dd477a3a (1 scala source)
2024.07.01 21:32:23 INFO  time: compiled scala-Lab-session-3_f4dd477a3a in 0.23s
2024.07.01 21:32:26 INFO  compiling scala-lab-session-3_f4dd477a3a (1 scala source)
2024.07.01 21:32:26 INFO  time: compiled scala-Lab-session-3_f4dd477a3a in 85ms
2024.07.01 21:32:28 INFO  compiling scala-lab-session-3_f4dd477a3a (1 scala source)
2024.07.01 21:32:28 INFO  time: compiled scala-Lab-session-3_f4dd477a3a in 68ms
2024.07.01 21:32:30 INFO  compiling scala-lab-session-3_f4dd477a3a (1 scala source)
2024.07.01 21:32:30 INFO  time: compiled scala-Lab-session-3_f4dd477a3a in 0.21s
2024.07.01 21:32:32 INFO  compiling scala-lab-session-3_f4dd477a3a (1 scala source)
2024.07.01 21:32:32 INFO  time: compiled scala-Lab-session-3_f4dd477a3a in 0.18s
2024.07.01 21:32:34 INFO  compiling scala-lab-session-3_f4dd477a3a (1 scala source)
2024.07.01 21:32:34 INFO  time: compiled scala-Lab-session-3_f4dd477a3a in 0.17s
2024.07.01 21:32:38 INFO  compiling scala-lab-session-3_f4dd477a3a (1 scala source)
2024.07.01 21:32:38 INFO  time: compiled scala-Lab-session-3_f4dd477a3a in 0.2s
2024.07.01 21:32:41 INFO  compiling scala-lab-session-3_f4dd477a3a (1 scala source)
2024.07.01 21:32:41 INFO  time: compiled scala-Lab-session-3_f4dd477a3a in 0.2s
2024.07.01 21:32:46 INFO  compiling scala-lab-session-3_f4dd477a3a (1 scala source)
2024.07.01 21:32:46 INFO  time: compiled scala-Lab-session-3_f4dd477a3a in 0.17s
2024.07.01 21:32:51 INFO  compiling scala-lab-session-3_f4dd477a3a (1 scala source)
2024.07.01 21:32:51 INFO  time: compiled scala-Lab-session-3_f4dd477a3a in 0.17s
2024.07.01 21:32:52 INFO  compiling scala-lab-session-3_f4dd477a3a (1 scala source)
2024.07.01 21:32:52 INFO  time: compiled scala-Lab-session-3_f4dd477a3a in 0.19s
2024.07.01 21:33:01 INFO  compiling scala-lab-session-3_f4dd477a3a (1 scala source)
2024.07.01 21:33:01 INFO  time: compiled scala-Lab-session-3_f4dd477a3a in 0.2s
2024.07.01 21:33:02 INFO  compiling scala-lab-session-3_f4dd477a3a (1 scala source)
2024.07.01 21:33:02 INFO  time: compiled scala-Lab-session-3_f4dd477a3a in 0.2s
2024.07.01 21:33:04 INFO  compiling scala-lab-session-3_f4dd477a3a (1 scala source)
2024.07.01 21:33:04 INFO  time: compiled scala-Lab-session-3_f4dd477a3a in 0.25s
2024.07.01 21:33:07 INFO  compiling scala-lab-session-3_f4dd477a3a (1 scala source)
2024.07.01 21:33:07 INFO  time: compiled scala-Lab-session-3_f4dd477a3a in 0.18s
2024.07.01 21:33:09 INFO  compiling scala-lab-session-3_f4dd477a3a (1 scala source)
2024.07.01 21:33:09 INFO  time: compiled scala-Lab-session-3_f4dd477a3a in 0.17s
2024.07.01 21:33:12 INFO  compiling scala-lab-session-3_f4dd477a3a (1 scala source)
2024.07.01 21:33:12 INFO  time: compiled scala-Lab-session-3_f4dd477a3a in 0.16s
2024.07.01 21:33:28 INFO  compiling scala-lab-session-3_f4dd477a3a (1 scala source)
2024.07.01 21:33:28 INFO  time: compiled scala-Lab-session-3_f4dd477a3a in 0.18s
2024.07.01 21:33:31 INFO  compiling scala-lab-session-3_f4dd477a3a (1 scala source)
2024.07.01 21:33:31 INFO  time: compiled scala-Lab-session-3_f4dd477a3a in 0.19s
2024.07.01 21:33:37 INFO  compiling scala-lab-session-3_f4dd477a3a (1 scala source)
2024.07.01 21:33:37 INFO  time: compiled scala-Lab-session-3_f4dd477a3a in 0.17s
2024.07.01 21:33:39 INFO  compiling scala-lab-session-3_f4dd477a3a (1 scala source)
2024.07.01 21:33:39 INFO  time: compiled scala-Lab-session-3_f4dd477a3a in 0.17s
2024.07.01 21:33:43 INFO  compiling scala-lab-session-3_f4dd477a3a (1 scala source)
2024.07.01 21:33:43 INFO  time: compiled scala-Lab-session-3_f4dd477a3a in 0.18s
2024.07.01 21:33:45 INFO  compiling scala-lab-session-3_f4dd477a3a (1 scala source)
2024.07.01 21:33:45 INFO  time: compiled scala-Lab-session-3_f4dd477a3a in 0.15s
2024.07.01 21:33:47 INFO  compiling scala-lab-session-3_f4dd477a3a (1 scala source)
2024.07.01 21:33:47 INFO  time: compiled scala-Lab-session-3_f4dd477a3a in 0.18s
2024.07.01 21:36:54 INFO  compiling scala-lab-session-3_f4dd477a3a (1 scala source)
2024.07.01 21:36:54 INFO  time: compiled scala-Lab-session-3_f4dd477a3a in 0.22s
2024.07.01 21:36:58 INFO  compiling scala-lab-session-3_f4dd477a3a (1 scala source)
2024.07.01 21:36:58 INFO  time: compiled scala-Lab-session-3_f4dd477a3a in 0.18s
2024.07.01 21:37:01 INFO  compiling scala-lab-session-3_f4dd477a3a (1 scala source)
2024.07.01 21:37:01 INFO  time: compiled scala-Lab-session-3_f4dd477a3a in 0.21s
2024.07.01 21:37:04 INFO  compiling scala-lab-session-3_f4dd477a3a (1 scala source)
2024.07.01 21:37:04 INFO  time: compiled scala-Lab-session-3_f4dd477a3a in 0.2s
2024.07.01 21:37:06 INFO  compiling scala-lab-session-3_f4dd477a3a (1 scala source)
2024.07.01 21:37:06 INFO  time: compiled scala-Lab-session-3_f4dd477a3a in 0.2s
2024.07.01 21:37:47 INFO  compiling scala-lab-session-3_f4dd477a3a (1 scala source)
2024.07.01 21:37:47 INFO  time: compiled scala-Lab-session-3_f4dd477a3a in 0.21s
2024.07.01 22:02:02 INFO  compiling scala-lab-session-3_f4dd477a3a (1 scala source)
2024.07.01 22:02:02 INFO  time: compiled scala-Lab-session-3_f4dd477a3a in 0.22s
2024.07.01 22:02:06 INFO  compiling scala-lab-session-3_f4dd477a3a (1 scala source)
2024.07.01 22:02:06 INFO  time: compiled scala-Lab-session-3_f4dd477a3a in 0.1s
2024.07.01 22:02:09 INFO  compiling scala-lab-session-3_f4dd477a3a (1 scala source)
2024.07.01 22:02:09 INFO  time: compiled scala-Lab-session-3_f4dd477a3a in 65ms
2024.07.01 22:02:15 INFO  compiling scala-lab-session-3_f4dd477a3a (1 scala source)
2024.07.01 22:02:15 INFO  time: compiled scala-Lab-session-3_f4dd477a3a in 78ms
2024.07.01 22:02:16 INFO  compiling scala-lab-session-3_f4dd477a3a (1 scala source)
2024.07.01 22:02:16 INFO  time: compiled scala-Lab-session-3_f4dd477a3a in 74ms
2024.07.01 22:02:19 INFO  compiling scala-lab-session-3_f4dd477a3a (1 scala source)
2024.07.01 22:02:19 INFO  time: compiled scala-Lab-session-3_f4dd477a3a in 62ms
Jul 01, 2024 10:02:20 PM org.eclipse.lsp4j.jsonrpc.RemoteEndpoint handleCancellation
WARNING: Unmatched cancel notification for request id 2898
2024.07.01 22:02:23 INFO  compiling scala-lab-session-3_f4dd477a3a (1 scala source)
2024.07.01 22:02:23 INFO  time: compiled scala-Lab-session-3_f4dd477a3a in 71ms
2024.07.01 22:02:27 INFO  compiling scala-lab-session-3_f4dd477a3a (1 scala source)
2024.07.01 22:02:27 INFO  time: compiled scala-Lab-session-3_f4dd477a3a in 0.11s
2024.07.01 22:02:30 INFO  compiling scala-lab-session-3_f4dd477a3a (1 scala source)
2024.07.01 22:02:30 INFO  time: compiled scala-Lab-session-3_f4dd477a3a in 70ms
2024.07.01 22:02:33 INFO  compiling scala-lab-session-3_f4dd477a3a (1 scala source)
2024.07.01 22:02:33 INFO  time: compiled scala-Lab-session-3_f4dd477a3a in 75ms
2024.07.01 22:02:35 INFO  compiling scala-lab-session-3_f4dd477a3a (1 scala source)
2024.07.01 22:02:35 INFO  time: compiled scala-Lab-session-3_f4dd477a3a in 74ms
2024.07.01 22:02:38 INFO  compiling scala-lab-session-3_f4dd477a3a (1 scala source)
2024.07.01 22:02:38 INFO  time: compiled scala-Lab-session-3_f4dd477a3a in 78ms
2024.07.01 22:02:40 INFO  compiling scala-lab-session-3_f4dd477a3a (1 scala source)
2024.07.01 22:02:40 INFO  time: compiled scala-Lab-session-3_f4dd477a3a in 58ms
2024.07.01 22:02:42 INFO  compiling scala-lab-session-3_f4dd477a3a (1 scala source)
2024.07.01 22:02:42 INFO  time: compiled scala-Lab-session-3_f4dd477a3a in 0.17s
2024.07.01 22:02:43 INFO  compiling scala-lab-session-3_f4dd477a3a (1 scala source)
2024.07.01 22:02:43 INFO  time: compiled scala-Lab-session-3_f4dd477a3a in 0.24s
2024.07.01 22:02:49 INFO  compiling scala-lab-session-3_f4dd477a3a (1 scala source)
2024.07.01 22:02:49 INFO  time: compiled scala-Lab-session-3_f4dd477a3a in 93ms
Jul 01, 2024 10:02:50 PM scala.meta.internal.pc.CompilerAccess handleError
SEVERE: A severe compiler error occurred, full details of the error can be found in the error report E:\2nd Year\Semester 1\FC\practicals\sessions 3\scala-Lab-session-3\.metals\.reports\metals-full\2024-07-01\r_compiler-error_(scala-Lab-session-3_f4dd477a3a)_22-02-50-566.md
2024.07.01 22:02:52 INFO  compiling scala-lab-session-3_f4dd477a3a (1 scala source)
2024.07.01 22:02:52 INFO  time: compiled scala-Lab-session-3_f4dd477a3a in 75ms
2024.07.01 22:02:56 INFO  compiling scala-lab-session-3_f4dd477a3a (1 scala source)
2024.07.01 22:02:56 INFO  time: compiled scala-Lab-session-3_f4dd477a3a in 0.15s
2024.07.01 22:02:57 INFO  compiling scala-lab-session-3_f4dd477a3a (1 scala source)
2024.07.01 22:02:57 INFO  time: compiled scala-Lab-session-3_f4dd477a3a in 0.17s
2024.07.01 22:02:59 INFO  compiling scala-lab-session-3_f4dd477a3a (1 scala source)
2024.07.01 22:02:59 INFO  time: compiled scala-Lab-session-3_f4dd477a3a in 0.15s
2024.07.01 22:03:03 INFO  compiling scala-lab-session-3_f4dd477a3a (1 scala source)
2024.07.01 22:03:03 INFO  time: compiled scala-Lab-session-3_f4dd477a3a in 0.16s
2024.07.01 22:03:07 INFO  compiling scala-lab-session-3_f4dd477a3a (1 scala source)
2024.07.01 22:03:07 INFO  time: compiled scala-Lab-session-3_f4dd477a3a in 0.21s
2024.07.01 22:03:09 INFO  compiling scala-lab-session-3_f4dd477a3a (1 scala source)
2024.07.01 22:03:09 INFO  time: compiled scala-Lab-session-3_f4dd477a3a in 60ms
2024.07.01 22:03:11 INFO  compiling scala-lab-session-3_f4dd477a3a (1 scala source)
2024.07.01 22:03:11 INFO  time: compiled scala-Lab-session-3_f4dd477a3a in 0.18s
2024.07.01 22:03:15 INFO  compiling scala-lab-session-3_f4dd477a3a (1 scala source)
2024.07.01 22:03:15 INFO  time: compiled scala-Lab-session-3_f4dd477a3a in 0.15s
2024.07.01 22:03:18 INFO  compiling scala-lab-session-3_f4dd477a3a (1 scala source)
2024.07.01 22:03:18 INFO  time: compiled scala-Lab-session-3_f4dd477a3a in 0.18s
2024.07.01 22:03:21 INFO  compiling scala-lab-session-3_f4dd477a3a (1 scala source)
2024.07.01 22:03:21 INFO  time: compiled scala-Lab-session-3_f4dd477a3a in 62ms
2024.07.01 22:03:25 INFO  compiling scala-lab-session-3_f4dd477a3a (1 scala source)
2024.07.01 22:03:25 INFO  time: compiled scala-Lab-session-3_f4dd477a3a in 92ms
Jul 01, 2024 10:03:25 PM org.eclipse.lsp4j.jsonrpc.RemoteEndpoint handleCancellation
WARNING: Unmatched cancel notification for request id 3270
2024.07.01 22:03:27 INFO  compiling scala-lab-session-3_f4dd477a3a (1 scala source)
2024.07.01 22:03:27 INFO  time: compiled scala-Lab-session-3_f4dd477a3a in 0.17s
2024.07.01 22:03:32 INFO  compiling scala-lab-session-3_f4dd477a3a (1 scala source)
2024.07.01 22:03:32 INFO  time: compiled scala-Lab-session-3_f4dd477a3a in 0.17s
2024.07.01 22:03:37 INFO  compiling scala-lab-session-3_f4dd477a3a (1 scala source)
2024.07.01 22:03:37 INFO  time: compiled scala-Lab-session-3_f4dd477a3a in 91ms
2024.07.01 22:03:39 INFO  compiling scala-lab-session-3_f4dd477a3a (1 scala source)
2024.07.01 22:03:39 INFO  time: compiled scala-Lab-session-3_f4dd477a3a in 73ms
Jul 01, 2024 10:03:42 PM org.eclipse.lsp4j.jsonrpc.RemoteEndpoint handleCancellation
WARNING: Unmatched cancel notification for request id 3379
2024.07.01 22:03:44 INFO  compiling scala-lab-session-3_f4dd477a3a (1 scala source)
2024.07.01 22:03:44 INFO  time: compiled scala-Lab-session-3_f4dd477a3a in 75ms
2024.07.01 22:03:47 INFO  compiling scala-lab-session-3_f4dd477a3a (1 scala source)
2024.07.01 22:03:47 INFO  time: compiled scala-Lab-session-3_f4dd477a3a in 70ms
2024.07.01 22:03:50 INFO  compiling scala-lab-session-3_f4dd477a3a (1 scala source)
2024.07.01 22:03:50 INFO  time: compiled scala-Lab-session-3_f4dd477a3a in 69ms
2024.07.01 22:03:51 INFO  compiling scala-lab-session-3_f4dd477a3a (1 scala source)
2024.07.01 22:03:51 INFO  time: compiled scala-Lab-session-3_f4dd477a3a in 74ms
2024.07.01 22:03:58 INFO  compiling scala-lab-session-3_f4dd477a3a (1 scala source)
2024.07.01 22:03:58 INFO  time: compiled scala-Lab-session-3_f4dd477a3a in 70ms
Jul 01, 2024 10:03:59 PM org.eclipse.lsp4j.jsonrpc.RemoteEndpoint handleCancellation
WARNING: Unmatched cancel notification for request id 3499
2024.07.01 22:04:01 INFO  compiling scala-lab-session-3_f4dd477a3a (1 scala source)
2024.07.01 22:04:01 INFO  time: compiled scala-Lab-session-3_f4dd477a3a in 66ms
2024.07.01 22:04:05 INFO  compiling scala-lab-session-3_f4dd477a3a (1 scala source)
2024.07.01 22:04:05 INFO  time: compiled scala-Lab-session-3_f4dd477a3a in 0.16s
2024.07.01 22:09:18 INFO  compiling scala-lab-session-3_f4dd477a3a (1 scala source)
2024.07.01 22:09:18 INFO  time: compiled scala-Lab-session-3_f4dd477a3a in 0.2s
2024.07.01 22:09:25 INFO  compiling scala-lab-session-3_f4dd477a3a (1 scala source)
2024.07.01 22:09:25 INFO  time: compiled scala-Lab-session-3_f4dd477a3a in 0.16s
2024.07.01 22:09:27 INFO  compiling scala-lab-session-3_f4dd477a3a (1 scala source)
2024.07.01 22:09:27 INFO  time: compiled scala-Lab-session-3_f4dd477a3a in 91ms
2024.07.01 22:09:31 INFO  compiling scala-lab-session-3_f4dd477a3a (1 scala source)
2024.07.01 22:09:31 INFO  time: compiled scala-Lab-session-3_f4dd477a3a in 87ms
Jul 01, 2024 10:09:32 PM org.eclipse.lsp4j.jsonrpc.RemoteEndpoint handleCancellation
WARNING: Unmatched cancel notification for request id 3622
2024.07.01 22:09:34 INFO  compiling scala-lab-session-3_f4dd477a3a (1 scala source)
2024.07.01 22:09:34 INFO  time: compiled scala-Lab-session-3_f4dd477a3a in 88ms
2024.07.01 22:09:37 INFO  compiling scala-lab-session-3_f4dd477a3a (1 scala source)
2024.07.01 22:09:37 INFO  time: compiled scala-Lab-session-3_f4dd477a3a in 68ms
2024.07.01 22:09:38 INFO  compiling scala-lab-session-3_f4dd477a3a (1 scala source)
2024.07.01 22:09:38 INFO  time: compiled scala-Lab-session-3_f4dd477a3a in 65ms
2024.07.01 22:09:40 INFO  compiling scala-lab-session-3_f4dd477a3a (1 scala source)
2024.07.01 22:09:40 INFO  time: compiled scala-Lab-session-3_f4dd477a3a in 72ms
2024.07.01 22:09:42 INFO  compiling scala-lab-session-3_f4dd477a3a (1 scala source)
2024.07.01 22:09:42 INFO  time: compiled scala-Lab-session-3_f4dd477a3a in 58ms
2024.07.01 22:09:45 INFO  compiling scala-lab-session-3_f4dd477a3a (1 scala source)
2024.07.01 22:09:45 INFO  time: compiled scala-Lab-session-3_f4dd477a3a in 70ms
2024.07.01 22:09:50 INFO  compiling scala-lab-session-3_f4dd477a3a (1 scala source)
2024.07.01 22:09:50 INFO  time: compiled scala-Lab-session-3_f4dd477a3a in 69ms
2024.07.01 22:09:52 INFO  compiling scala-lab-session-3_f4dd477a3a (1 scala source)
2024.07.01 22:09:52 INFO  time: compiled scala-Lab-session-3_f4dd477a3a in 0.16s
Jul 01, 2024 10:10:10 PM scala.meta.internal.pc.CompilerAccess handleError
SEVERE: A severe compiler error occurred, full details of the error can be found in the error report E:\2nd Year\Semester 1\FC\practicals\sessions 3\scala-Lab-session-3\.metals\.reports\metals-full\2024-07-01\r_compiler-error_(scala-Lab-session-3_f4dd477a3a)_22-10-10-403.md
2024.07.01 22:10:12 INFO  compiling scala-lab-session-3_f4dd477a3a (1 scala source)
2024.07.01 22:10:12 INFO  time: compiled scala-Lab-session-3_f4dd477a3a in 0.17s
2024.07.01 22:10:13 INFO  compiling scala-lab-session-3_f4dd477a3a (1 scala source)
2024.07.01 22:10:13 INFO  time: compiled scala-Lab-session-3_f4dd477a3a in 61ms
Jul 01, 2024 10:10:14 PM org.eclipse.lsp4j.jsonrpc.RemoteEndpoint handleCancellation
WARNING: Unmatched cancel notification for request id 3822
2024.07.01 22:10:16 INFO  compiling scala-lab-session-3_f4dd477a3a (1 scala source)
2024.07.01 22:10:16 INFO  time: compiled scala-Lab-session-3_f4dd477a3a in 0.21s
2024.07.01 22:10:17 INFO  compiling scala-lab-session-3_f4dd477a3a (1 scala source)
2024.07.01 22:10:17 INFO  time: compiled scala-Lab-session-3_f4dd477a3a in 0.21s
2024.07.01 22:10:18 INFO  compiling scala-lab-session-3_f4dd477a3a (1 scala source)
2024.07.01 22:10:18 INFO  time: compiled scala-Lab-session-3_f4dd477a3a in 0.1s
2024.07.01 22:10:20 INFO  compiling scala-lab-session-3_f4dd477a3a (1 scala source)
2024.07.01 22:10:20 INFO  time: compiled scala-Lab-session-3_f4dd477a3a in 0.15s
2024.07.01 22:10:27 INFO  compiling scala-lab-session-3_f4dd477a3a (1 scala source)
2024.07.01 22:10:27 INFO  time: compiled scala-Lab-session-3_f4dd477a3a in 0.16s
2024.07.01 22:10:31 INFO  compiling scala-lab-session-3_f4dd477a3a (1 scala source)
2024.07.01 22:10:31 INFO  time: compiled scala-Lab-session-3_f4dd477a3a in 0.18s
2024.07.01 22:10:33 INFO  compiling scala-lab-session-3_f4dd477a3a (1 scala source)
2024.07.01 22:10:33 INFO  time: compiled scala-Lab-session-3_f4dd477a3a in 62ms
2024.07.01 22:10:35 INFO  compiling scala-lab-session-3_f4dd477a3a (1 scala source)
2024.07.01 22:10:35 INFO  time: compiled scala-Lab-session-3_f4dd477a3a in 0.18s
2024.07.01 22:10:46 INFO  compiling scala-lab-session-3_f4dd477a3a (1 scala source)
2024.07.01 22:10:46 INFO  time: compiled scala-Lab-session-3_f4dd477a3a in 70ms
2024.07.01 22:10:48 INFO  compiling scala-lab-session-3_f4dd477a3a (1 scala source)
2024.07.01 22:10:48 INFO  time: compiled scala-Lab-session-3_f4dd477a3a in 0.15s
2024.07.01 22:10:53 INFO  compiling scala-lab-session-3_f4dd477a3a (1 scala source)
2024.07.01 22:10:53 INFO  time: compiled scala-Lab-session-3_f4dd477a3a in 77ms
2024.07.01 22:10:59 INFO  compiling scala-lab-session-3_f4dd477a3a (1 scala source)
2024.07.01 22:10:59 INFO  time: compiled scala-Lab-session-3_f4dd477a3a in 0.17s
2024.07.01 22:11:01 INFO  compiling scala-lab-session-3_f4dd477a3a (1 scala source)
2024.07.01 22:11:01 INFO  time: compiled scala-Lab-session-3_f4dd477a3a in 0.16s
2024.07.01 22:11:02 INFO  compiling scala-lab-session-3_f4dd477a3a (1 scala source)
2024.07.01 22:11:02 INFO  time: compiled scala-Lab-session-3_f4dd477a3a in 0.18s
2024.07.01 22:11:04 INFO  compiling scala-lab-session-3_f4dd477a3a (1 scala source)
2024.07.01 22:11:04 INFO  time: compiled scala-Lab-session-3_f4dd477a3a in 0.1s
2024.07.01 22:11:07 INFO  compiling scala-lab-session-3_f4dd477a3a (1 scala source)
2024.07.01 22:11:07 INFO  time: compiled scala-Lab-session-3_f4dd477a3a in 91ms
2024.07.01 22:11:17 INFO  compiling scala-lab-session-3_f4dd477a3a (1 scala source)
2024.07.01 22:11:17 INFO  time: compiled scala-Lab-session-3_f4dd477a3a in 77ms
2024.07.01 22:11:29 INFO  compiling scala-lab-session-3_f4dd477a3a (1 scala source)
2024.07.01 22:11:29 INFO  time: compiled scala-Lab-session-3_f4dd477a3a in 82ms
2024.07.01 22:11:31 INFO  compiling scala-lab-session-3_f4dd477a3a (1 scala source)
2024.07.01 22:11:31 INFO  time: compiled scala-Lab-session-3_f4dd477a3a in 74ms
2024.07.01 22:11:34 INFO  compiling scala-lab-session-3_f4dd477a3a (1 scala source)
2024.07.01 22:11:34 INFO  time: compiled scala-Lab-session-3_f4dd477a3a in 83ms
2024.07.01 22:11:49 INFO  compiling scala-lab-session-3_f4dd477a3a (1 scala source)
2024.07.01 22:11:49 INFO  time: compiled scala-Lab-session-3_f4dd477a3a in 93ms
2024.07.01 22:11:54 INFO  compiling scala-lab-session-3_f4dd477a3a (1 scala source)
2024.07.01 22:11:54 INFO  time: compiled scala-Lab-session-3_f4dd477a3a in 74ms
2024.07.01 22:11:55 INFO  compiling scala-lab-session-3_f4dd477a3a (1 scala source)
2024.07.01 22:11:55 INFO  time: compiled scala-Lab-session-3_f4dd477a3a in 70ms
2024.07.01 22:12:01 INFO  compiling scala-lab-session-3_f4dd477a3a (1 scala source)
2024.07.01 22:12:01 INFO  time: compiled scala-Lab-session-3_f4dd477a3a in 0.15s
Jul 01, 2024 10:13:08 PM org.eclipse.lsp4j.jsonrpc.RemoteEndpoint handleCancellation
WARNING: Unmatched cancel notification for request id 4246
2024.07.01 22:13:12 INFO  compiling scala-lab-session-3_f4dd477a3a (1 scala source)
2024.07.01 22:13:12 INFO  time: compiled scala-Lab-session-3_f4dd477a3a in 0.19s
2024.07.01 22:13:26 INFO  compiling scala-lab-session-3_f4dd477a3a (1 scala source)
2024.07.01 22:13:26 INFO  time: compiled scala-Lab-session-3_f4dd477a3a in 0.2s
2024.07.01 22:13:52 INFO  compiling scala-lab-session-3_f4dd477a3a (1 scala source)
2024.07.01 22:13:52 INFO  time: compiled scala-Lab-session-3_f4dd477a3a in 0.15s
2024.07.01 22:14:00 INFO  compiling scala-lab-session-3_f4dd477a3a (1 scala source)
2024.07.01 22:14:00 INFO  time: compiled scala-Lab-session-3_f4dd477a3a in 0.19s
2024.07.01 22:14:54 INFO  compiling scala-lab-session-3_f4dd477a3a (1 scala source)
2024.07.01 22:14:54 INFO  time: compiled scala-Lab-session-3_f4dd477a3a in 0.19s
2024.07.01 22:14:57 INFO  compiling scala-lab-session-3_f4dd477a3a (1 scala source)
2024.07.01 22:14:57 INFO  time: compiled scala-Lab-session-3_f4dd477a3a in 0.18s
2024.07.01 22:14:58 INFO  compiling scala-lab-session-3_f4dd477a3a (1 scala source)
2024.07.01 22:14:58 INFO  time: compiled scala-Lab-session-3_f4dd477a3a in 91ms
2024.07.01 22:14:59 INFO  compiling scala-lab-session-3_f4dd477a3a (1 scala source)
2024.07.01 22:14:59 INFO  time: compiled scala-Lab-session-3_f4dd477a3a in 77ms
2024.07.01 22:15:04 INFO  compiling scala-lab-session-3_f4dd477a3a (1 scala source)
2024.07.01 22:15:04 INFO  time: compiled scala-Lab-session-3_f4dd477a3a in 0.17s
2024.07.01 22:15:07 INFO  compiling scala-lab-session-3_f4dd477a3a (1 scala source)
2024.07.01 22:15:07 INFO  time: compiled scala-Lab-session-3_f4dd477a3a in 0.1s
2024.07.01 22:15:08 INFO  compiling scala-lab-session-3_f4dd477a3a (1 scala source)
2024.07.01 22:15:08 INFO  time: compiled scala-Lab-session-3_f4dd477a3a in 88ms
2024.07.01 22:15:11 INFO  compiling scala-lab-session-3_f4dd477a3a (1 scala source)
2024.07.01 22:15:11 INFO  time: compiled scala-Lab-session-3_f4dd477a3a in 68ms
2024.07.01 22:15:16 ERROR Failed to tokenize input for semantic tokens for E:\2nd Year\Semester 1\FC\practicals\sessions 3\scala-Lab-session-3\lab3.scala
scala.meta.tokenizers.TokenizeException: <input>:19: error: unclosed character literal
    println('')
            ^
	at scala.meta.internal.tokenizers.Reporter.syntaxError(Reporter.scala:23)
	at scala.meta.internal.tokenizers.Reporter.syntaxError$(Reporter.scala:23)
	at scala.meta.internal.tokenizers.Reporter$$anon$1.syntaxError(Reporter.scala:32)
	at scala.meta.internal.tokenizers.Reporter.syntaxError(Reporter.scala:25)
	at scala.meta.internal.tokenizers.Reporter.syntaxError$(Reporter.scala:25)
	at scala.meta.internal.tokenizers.Reporter$$anon$1.syntaxError(Reporter.scala:32)
	at scala.meta.internal.tokenizers.LegacyScanner.fetchSingleQuote$1(LegacyScanner.scala:391)
	at scala.meta.internal.tokenizers.LegacyScanner.fetchToken(LegacyScanner.scala:395)
	at scala.meta.internal.tokenizers.LegacyScanner.nextToken(LegacyScanner.scala:201)
	at scala.meta.internal.tokenizers.LegacyScanner.foreach(LegacyScanner.scala:912)
	at scala.meta.internal.tokenizers.ScalametaTokenizer.uncachedTokenize(ScalametaTokenizer.scala:23)
	at scala.meta.internal.tokenizers.ScalametaTokenizer.$anonfun$tokenize$1(ScalametaTokenizer.scala:17)
	at scala.collection.concurrent.TrieMap.getOrElseUpdate(TrieMap.scala:960)
	at scala.meta.internal.tokenizers.ScalametaTokenizer.tokenize(ScalametaTokenizer.scala:17)
	at scala.meta.internal.tokenizers.ScalametaTokenizer$$anon$2.apply(ScalametaTokenizer.scala:322)
	at scala.meta.tokenizers.Api$XtensionTokenizeDialectInput.tokenize(Api.scala:22)
	at scala.meta.tokenizers.Api$XtensionTokenizeInputLike.tokenize(Api.scala:13)
	at scala.meta.internal.metals.SemanticTokensProvider$.getTokens(SemanticTokensProvider.scala:28)
	at scala.meta.internal.metals.SemanticTokensProvider$.provide(SemanticTokensProvider.scala:89)
	at scala.meta.internal.metals.Compilers.$anonfun$semanticTokens$3(Compilers.scala:545)
	at scala.concurrent.impl.Promise$Transformation.run(Promise.scala:467)
	at java.util.concurrent.ThreadPoolExecutor.runWorker(ThreadPoolExecutor.java:1136)
	at java.util.concurrent.ThreadPoolExecutor$Worker.run(ThreadPoolExecutor.java:635)
	at java.lang.Thread.run(Thread.java:833)

2024.07.01 22:15:18 INFO  compiling scala-lab-session-3_f4dd477a3a (1 scala source)
2024.07.01 22:15:18 INFO  time: compiled scala-Lab-session-3_f4dd477a3a in 0.14s
2024.07.01 22:15:21 INFO  compiling scala-lab-session-3_f4dd477a3a (1 scala source)
2024.07.01 22:15:21 INFO  time: compiled scala-Lab-session-3_f4dd477a3a in 0.23s
Jul 01, 2024 10:15:26 PM org.eclipse.lsp4j.jsonrpc.RemoteEndpoint handleCancellation
WARNING: Unmatched cancel notification for request id 4544
2024.07.01 22:15:34 INFO  compiling scala-lab-session-3_f4dd477a3a (1 scala source)
2024.07.01 22:15:34 INFO  time: compiled scala-Lab-session-3_f4dd477a3a in 0.15s
2024.07.01 22:15:37 INFO  compiling scala-lab-session-3_f4dd477a3a (1 scala source)
2024.07.01 22:15:37 INFO  time: compiled scala-Lab-session-3_f4dd477a3a in 0.16s
2024.07.01 22:15:39 INFO  compiling scala-lab-session-3_f4dd477a3a (1 scala source)
2024.07.01 22:15:39 INFO  time: compiled scala-Lab-session-3_f4dd477a3a in 91ms
2024.07.01 22:15:40 INFO  compiling scala-lab-session-3_f4dd477a3a (1 scala source)
2024.07.01 22:15:40 INFO  time: compiled scala-Lab-session-3_f4dd477a3a in 0.14s
2024.07.01 22:15:48 INFO  compiling scala-lab-session-3_f4dd477a3a (1 scala source)
2024.07.01 22:15:48 INFO  time: compiled scala-Lab-session-3_f4dd477a3a in 0.18s
2024.07.01 22:16:05 INFO  compiling scala-lab-session-3_f4dd477a3a (1 scala source)
2024.07.01 22:16:05 INFO  time: compiled scala-Lab-session-3_f4dd477a3a in 0.18s
2024.07.01 22:16:06 INFO  compiling scala-lab-session-3_f4dd477a3a (1 scala source)
2024.07.01 22:16:06 INFO  time: compiled scala-Lab-session-3_f4dd477a3a in 0.14s
2024.07.01 22:17:25 INFO  compiling scala-lab-session-3_f4dd477a3a (1 scala source)
2024.07.01 22:17:25 INFO  time: compiled scala-Lab-session-3_f4dd477a3a in 0.22s
2024.07.01 22:17:27 INFO  compiling scala-lab-session-3_f4dd477a3a (1 scala source)
2024.07.01 22:17:27 INFO  time: compiled scala-Lab-session-3_f4dd477a3a in 0.14s
2024.07.01 22:17:29 INFO  compiling scala-lab-session-3_f4dd477a3a (1 scala source)
2024.07.01 22:17:29 INFO  time: compiled scala-Lab-session-3_f4dd477a3a in 0.17s
2024.07.01 22:17:31 INFO  compiling scala-lab-session-3_f4dd477a3a (1 scala source)
2024.07.01 22:17:31 INFO  time: compiled scala-Lab-session-3_f4dd477a3a in 0.14s
Jul 01, 2024 10:18:59 PM org.eclipse.lsp4j.jsonrpc.RemoteEndpoint handleCancellation
WARNING: Unmatched cancel notification for request id 4732
2024.07.01 22:19:03 INFO  compiling scala-lab-session-3_f4dd477a3a (1 scala source)
2024.07.01 22:19:03 INFO  time: compiled scala-Lab-session-3_f4dd477a3a in 0.11s
2024.07.01 22:19:04 INFO  compiling scala-lab-session-3_f4dd477a3a (1 scala source)
2024.07.01 22:19:04 INFO  time: compiled scala-Lab-session-3_f4dd477a3a in 78ms
2024.07.01 22:19:05 INFO  compiling scala-lab-session-3_f4dd477a3a (1 scala source)
2024.07.01 22:19:05 INFO  time: compiled scala-Lab-session-3_f4dd477a3a in 88ms
2024.07.01 22:19:08 INFO  compiling scala-lab-session-3_f4dd477a3a (1 scala source)
2024.07.01 22:19:08 INFO  time: compiled scala-Lab-session-3_f4dd477a3a in 70ms
2024.07.01 22:19:13 INFO  compiling scala-lab-session-3_f4dd477a3a (1 scala source)
2024.07.01 22:19:13 INFO  time: compiled scala-Lab-session-3_f4dd477a3a in 83ms
2024.07.01 22:19:19 INFO  compiling scala-lab-session-3_f4dd477a3a (1 scala source)
2024.07.01 22:19:19 INFO  time: compiled scala-Lab-session-3_f4dd477a3a in 76ms
2024.07.01 22:19:20 INFO  compiling scala-lab-session-3_f4dd477a3a (1 scala source)
2024.07.01 22:19:20 INFO  time: compiled scala-Lab-session-3_f4dd477a3a in 0.18s
Jul 01, 2024 10:22:36 PM org.eclipse.lsp4j.jsonrpc.services.GenericEndpoint notify
INFO: Unsupported notification method: $/setTrace
